#-----------------------------------------------------------
# Vivado v2024.2 (64-bit)
# SW Build 5239630 on Fri Nov 08 22:34:34 MST 2024
# IP Build 5239520 on Sun Nov 10 16:12:51 MST 2024
# SharedData Build 5239561 on Fri Nov 08 14:39:27 MST 2024
# Start of session at: Fri Jan 23 17:19:05 2026
# Process ID         : 188618
# Current directory  : /root/NetFPGA-SUME/firmware/NetFPGA_SUME/fpga/fpga
# Command line       : vivado -mode batch -source generate_bit.tcl -tclargs -jobs 16
# Log file           : /root/NetFPGA-SUME/firmware/NetFPGA_SUME/fpga/fpga/vivado.log
# Journal file       : /root/NetFPGA-SUME/firmware/NetFPGA_SUME/fpga/fpga/vivado.jou
# Running On         : design-lab
# Platform           : Ubuntu
# Operating System   : Ubuntu 24.04.3 LTS
# Processor Detail   : AMD Ryzen 7 9700X 8-Core Processor
# CPU Frequency      : 5541.975 MHz
# CPU Physical cores : 8
# CPU Logical cores  : 16
# Host memory        : 32651 MB
# Swap memory        : 8589 MB
# Total Virtual      : 41241 MB
# Available Virtual  : 39427 MB
#-----------------------------------------------------------
source generate_bit.tcl
# open_project fpga.xpr
WARNING: [filemgmt 56-3] IPUserFilesDir: Could not find the directory '/root/NetFPGA-SUME/firmware/NetFPGA_SUME/fpga/fpga/fpga.ip_user_files'.
Scanning sources...
Finished scanning sources
INFO: [IP_Flow 19-234] Refreshing IP repositories
INFO: [IP_Flow 19-1704] No user IP repositories specified
INFO: [IP_Flow 19-2313] Loaded Vivado IP repository '/tools/Xilinx/Vivado/2024.2/data/ip'.
# open_run impl_1
ERROR: [Common 17-69] Command failed: Run 'impl_1' has not been launched. Unable to open
INFO: [Common 17-206] Exiting Vivado at Fri Jan 23 17:19:07 2026...
