#-----------------------------------------------------------
# Vivado v2024.2 (64-bit)
# SW Build 5239630 on Fri Nov 08 22:34:34 MST 2024
# IP Build 5239520 on Sun Nov 10 16:12:51 MST 2024
# SharedData Build 5239561 on Fri Nov 08 14:39:27 MST 2024
# Start of session at: Sat Oct 11 02:12:34 2025
# Process ID         : 4148
# Current directory  : /home/sysadmin/NetFPGA-SUME/firmware/NetFPGA_SUME/fpga/fpga
# Command line       : vivado -log vivado_license.log
# Log file           : /home/sysadmin/NetFPGA-SUME/firmware/NetFPGA_SUME/fpga/fpga/vivado_license.log
# Journal file       : /home/sysadmin/NetFPGA-SUME/firmware/NetFPGA_SUME/fpga/fpga/vivado.jou
# Running On         : design-lab-host
# Platform           : Ubuntu
# Operating System   : Ubuntu 24.04.3 LTS
# Processor Detail   : AMD Ryzen 7 9700X 8-Core Processor
# CPU Frequency      : 5616.890 MHz
# CPU Physical cores : 8
# CPU Logical cores  : 16
# Host memory        : 32627 MB
# Swap memory        : 8589 MB
# Total Virtual      : 41217 MB
# Available Virtual  : 40459 MB
#-----------------------------------------------------------
start_gui
