#-----------------------------------------------------------
# Vivado v2024.2 (64-bit)
# SW Build 5239630 on Fri Nov 08 22:34:34 MST 2024
# IP Build 5239520 on Sun Nov 10 16:12:51 MST 2024
# SharedData Build 5239561 on Fri Nov 08 14:39:27 MST 2024
# Start of session at: Mon Oct 13 22:09:39 2025
# Process ID         : 3056
# Current directory  : /home/sysadmin/NetFPGA-SUME/firmware/NetFPGA_SUME/fpga/fpga
# Command line       : vivado -mode batch -source run_impl.tcl -tclargs -jobs 16
# Log file           : /home/sysadmin/NetFPGA-SUME/firmware/NetFPGA_SUME/fpga/fpga/vivado.log
# Journal file       : /home/sysadmin/NetFPGA-SUME/firmware/NetFPGA_SUME/fpga/fpga/vivado.jou
# Running On         : design-lab-host
# Platform           : Ubuntu
# Operating System   : Ubuntu 24.04.3 LTS
# Processor Detail   : AMD Ryzen 7 9700X 8-Core Processor
# CPU Frequency      : 3831.020 MHz
# CPU Physical cores : 8
# CPU Logical cores  : 16
# Host memory        : 32627 MB
# Swap memory        : 8589 MB
# Total Virtual      : 41217 MB
# Available Virtual  : 39852 MB
#-----------------------------------------------------------
source run_impl.tcl
# set_param general.maxThreads 16
# set_param synth.maxThreads 8
# set_param place.maxThreads 16
# set_param route.maxThreads 16
# open_project fpga.xpr
WARNING: [filemgmt 56-3] IPUserFilesDir: Could not find the directory '/home/sysadmin/NetFPGA-SUME/firmware/NetFPGA_SUME/fpga/fpga/fpga.ip_user_files'.
Scanning sources...
Finished scanning sources
INFO: [IP_Flow 19-234] Refreshing IP repositories
INFO: [IP_Flow 19-1704] No user IP repositories specified
INFO: [IP_Flow 19-2313] Loaded Vivado IP repository '/tools/Xilinx/Vivado/2024.2/data/ip'.
# reset_run impl_1
# launch_runs -jobs 16 impl_1
[Mon Oct 13 22:09:41 2025] Launched impl_1...
Run output will be captured here: /home/sysadmin/NetFPGA-SUME/firmware/NetFPGA_SUME/fpga/fpga/fpga.runs/impl_1/runme.log
# wait_on_run impl_1
[Mon Oct 13 22:09:41 2025] Waiting for impl_1 to finish...

*** Running vivado
    with args -log fpga.vdi -applog -m64 -product Vivado -messageDb vivado.pb -mode batch -source fpga.tcl -notrace


****** Vivado v2024.2 (64-bit)
  **** SW Build 5239630 on Fri Nov 08 22:34:34 MST 2024
  **** IP Build 5239520 on Sun Nov 10 16:12:51 MST 2024
  **** SharedData Build 5239561 on Fri Nov 08 14:39:27 MST 2024
  **** Start of session at: Mon Oct 13 22:09:42 2025
    ** Copyright 1986-2022 Xilinx, Inc. All Rights Reserved.
    ** Copyright 2022-2024 Advanced Micro Devices, Inc. All Rights Reserved.

source fpga.tcl -notrace
Command: link_design -top fpga -part xc7vx690tffg1761-3
Design is defaulting to srcset: sources_1
Design is defaulting to constrset: constrs_1
INFO: [Device 21-403] Loading part xc7vx690tffg1761-3
INFO: [Project 1-454] Reading design checkpoint '/home/sysadmin/NetFPGA-SUME/firmware/NetFPGA_SUME/fpga/fpga/fpga.gen/sources_1/ip/ten_gig_eth_pcs_pma_0/ten_gig_eth_pcs_pma_0.dcp' for cell 'sfp_1_pcs_pma_inst'
INFO: [Project 1-454] Reading design checkpoint '/home/sysadmin/NetFPGA-SUME/firmware/NetFPGA_SUME/fpga/fpga/fpga.gen/sources_1/ip/ten_gig_eth_pcs_pma_1/ten_gig_eth_pcs_pma_1.dcp' for cell 'sfp_2_pcs_pma_inst'
Netlist sorting complete. Time (s): cpu = 00:00:00.1 ; elapsed = 00:00:00.1 . Memory (MB): peak = 1807.957 ; gain = 0.000 ; free physical = 26911 ; free virtual = 36755
INFO: [Netlist 29-17] Analyzing 716 Unisim elements for replacement
INFO: [Netlist 29-28] Unisim Transformation completed in 0 CPU seconds
INFO: [Project 1-479] Netlist was created with Vivado 2024.2
INFO: [Project 1-570] Preparing netlist for logic optimization
Parsing XDC File [/home/sysadmin/NetFPGA-SUME/firmware/NetFPGA_SUME/fpga/fpga/fpga.gen/sources_1/ip/ten_gig_eth_pcs_pma_0/synth/ten_gig_eth_pcs_pma_0.xdc] for cell 'sfp_1_pcs_pma_inst/inst'
INFO: [Timing 38-35] Done setting XDC timing constraints. [/home/sysadmin/NetFPGA-SUME/firmware/NetFPGA_SUME/fpga/fpga/fpga.gen/sources_1/ip/ten_gig_eth_pcs_pma_0/synth/ten_gig_eth_pcs_pma_0.xdc:70]
Finished Parsing XDC File [/home/sysadmin/NetFPGA-SUME/firmware/NetFPGA_SUME/fpga/fpga/fpga.gen/sources_1/ip/ten_gig_eth_pcs_pma_0/synth/ten_gig_eth_pcs_pma_0.xdc] for cell 'sfp_1_pcs_pma_inst/inst'
Parsing XDC File [/home/sysadmin/NetFPGA-SUME/firmware/NetFPGA_SUME/fpga/fpga/fpga.gen/sources_1/ip/ten_gig_eth_pcs_pma_1/synth/ten_gig_eth_pcs_pma_1.xdc] for cell 'sfp_2_pcs_pma_inst/inst'
Finished Parsing XDC File [/home/sysadmin/NetFPGA-SUME/firmware/NetFPGA_SUME/fpga/fpga/fpga.gen/sources_1/ip/ten_gig_eth_pcs_pma_1/synth/ten_gig_eth_pcs_pma_1.xdc] for cell 'sfp_2_pcs_pma_inst/inst'
Parsing XDC File [/home/sysadmin/NetFPGA-SUME/firmware/NetFPGA_SUME/fpga/fpga/fpga.gen/sources_1/ip/ten_gig_eth_pcs_pma_1/synth/ten_gig_eth_pcs_pma_1.xdc] for cell 'sfp_3_pcs_pma_inst/inst'
Finished Parsing XDC File [/home/sysadmin/NetFPGA-SUME/firmware/NetFPGA_SUME/fpga/fpga/fpga.gen/sources_1/ip/ten_gig_eth_pcs_pma_1/synth/ten_gig_eth_pcs_pma_1.xdc] for cell 'sfp_3_pcs_pma_inst/inst'
Parsing XDC File [/home/sysadmin/NetFPGA-SUME/firmware/NetFPGA_SUME/fpga/fpga/fpga.gen/sources_1/ip/ten_gig_eth_pcs_pma_1/synth/ten_gig_eth_pcs_pma_1.xdc] for cell 'sfp_4_pcs_pma_inst/inst'
Finished Parsing XDC File [/home/sysadmin/NetFPGA-SUME/firmware/NetFPGA_SUME/fpga/fpga/fpga.gen/sources_1/ip/ten_gig_eth_pcs_pma_1/synth/ten_gig_eth_pcs_pma_1.xdc] for cell 'sfp_4_pcs_pma_inst/inst'
Parsing XDC File [/home/sysadmin/NetFPGA-SUME/firmware/NetFPGA_SUME/fpga/fpga.xdc]
CRITICAL WARNING: [Netlist 29-177] Cannot set property 'BITSTREAM.CONFIG.OVERTEMPSHUTDOWN' because the property does not exist. [/home/sysadmin/NetFPGA-SUME/firmware/NetFPGA_SUME/fpga/fpga.xdc:9]
Resolution: Create this property using create_property command before setting it.
INFO: [Constraints 18-632] set_output_delay: No clock object specified, the clocks will be automatically identified [/home/sysadmin/NetFPGA-SUME/firmware/NetFPGA_SUME/fpga/fpga.xdc:44]
INFO: [Constraints 18-632] set_input_delay: No clock object specified, the clocks will be automatically identified [/home/sysadmin/NetFPGA-SUME/firmware/NetFPGA_SUME/fpga/fpga.xdc:51]
INFO: [Constraints 18-632] set_output_delay: No clock object specified, the clocks will be automatically identified [/home/sysadmin/NetFPGA-SUME/firmware/NetFPGA_SUME/fpga/fpga.xdc:105]
INFO: [Constraints 18-632] set_input_delay: No clock object specified, the clocks will be automatically identified [/home/sysadmin/NetFPGA-SUME/firmware/NetFPGA_SUME/fpga/fpga.xdc:109]
INFO: [Constraints 18-632] set_output_delay: No clock object specified, the clocks will be automatically identified [/home/sysadmin/NetFPGA-SUME/firmware/NetFPGA_SUME/fpga/fpga.xdc:111]
WARNING: [Vivado 12-584] No ports matched 'get_ports'. [/home/sysadmin/NetFPGA-SUME/firmware/NetFPGA_SUME/fpga/fpga.xdc:112]
WARNING: [Vivado 12-584] No ports matched 'get_ports'. [/home/sysadmin/NetFPGA-SUME/firmware/NetFPGA_SUME/fpga/fpga.xdc:113]
INFO: [Constraints 18-632] set_input_delay: No clock object specified, the clocks will be automatically identified [/home/sysadmin/NetFPGA-SUME/firmware/NetFPGA_SUME/fpga/fpga.xdc:113]
WARNING: [Vivado 12-584] No ports matched 'get_ports'. [/home/sysadmin/NetFPGA-SUME/firmware/NetFPGA_SUME/fpga/fpga.xdc:114]
WARNING: [Vivado 12-584] No ports matched 'get_ports'. [/home/sysadmin/NetFPGA-SUME/firmware/NetFPGA_SUME/fpga/fpga.xdc:115]
INFO: [Constraints 18-632] set_output_delay: No clock object specified, the clocks will be automatically identified [/home/sysadmin/NetFPGA-SUME/firmware/NetFPGA_SUME/fpga/fpga.xdc:115]
WARNING: [Vivado 12-584] No ports matched 'get_ports'. [/home/sysadmin/NetFPGA-SUME/firmware/NetFPGA_SUME/fpga/fpga.xdc:116]
WARNING: [Vivado 12-584] No ports matched 'get_ports'. [/home/sysadmin/NetFPGA-SUME/firmware/NetFPGA_SUME/fpga/fpga.xdc:116]
WARNING: [Vivado 12-584] No ports matched 'get_ports'. [/home/sysadmin/NetFPGA-SUME/firmware/NetFPGA_SUME/fpga/fpga.xdc:117]
WARNING: [Vivado 12-584] No ports matched 'get_ports'. [/home/sysadmin/NetFPGA-SUME/firmware/NetFPGA_SUME/fpga/fpga.xdc:117]
INFO: [Constraints 18-632] set_input_delay: No clock object specified, the clocks will be automatically identified [/home/sysadmin/NetFPGA-SUME/firmware/NetFPGA_SUME/fpga/fpga.xdc:117]
INFO: [Constraints 18-632] set_output_delay: No clock object specified, the clocks will be automatically identified [/home/sysadmin/NetFPGA-SUME/firmware/NetFPGA_SUME/fpga/fpga.xdc:125]
INFO: [Constraints 18-632] set_input_delay: No clock object specified, the clocks will be automatically identified [/home/sysadmin/NetFPGA-SUME/firmware/NetFPGA_SUME/fpga/fpga.xdc:127]
Finished Parsing XDC File [/home/sysadmin/NetFPGA-SUME/firmware/NetFPGA_SUME/fpga/fpga.xdc]
Sourcing Tcl File [/home/sysadmin/NetFPGA-SUME/firmware/NetFPGA_SUME/fpga/lib/eth/syn/vivado/eth_mac_fifo.tcl]
Inserting timing constraints for ethernet MAC with FIFO instance core_inst/eth_mac_10g_fifo_inst
WARNING: [Vivado 12-180] No cells matched '.*/rx_sync_reg_[1234]_reg\[\d+\]'. [/home/sysadmin/NetFPGA-SUME/firmware/NetFPGA_SUME/fpga/lib/eth/syn/vivado/eth_mac_fifo.tcl:23]
WARNING: [Vivado 12-180] No cells matched '.*/tx_sync_reg_[1234]_reg\[\d+\]'. [/home/sysadmin/NetFPGA-SUME/firmware/NetFPGA_SUME/fpga/lib/eth/syn/vivado/eth_mac_fifo.tcl:23]
Finished Sourcing Tcl File [/home/sysadmin/NetFPGA-SUME/firmware/NetFPGA_SUME/fpga/lib/eth/syn/vivado/eth_mac_fifo.tcl]
Sourcing Tcl File [/home/sysadmin/NetFPGA-SUME/firmware/NetFPGA_SUME/fpga/lib/eth/lib/axis/syn/vivado/axis_async_fifo.tcl]
Inserting timing constraints for axis_async_fifo instance core_inst/eth_mac_10g_fifo_inst/rx_fifo/fifo_inst
INFO: [Timing 38-2] Deriving generated clocks [/home/sysadmin/NetFPGA-SUME/firmware/NetFPGA_SUME/fpga/lib/eth/lib/axis/syn/vivado/axis_async_fifo.tcl:23]
Inserting timing constraints for axis_async_fifo instance core_inst/eth_mac_10g_fifo_inst/tx_fifo/fifo_inst
Finished Sourcing Tcl File [/home/sysadmin/NetFPGA-SUME/firmware/NetFPGA_SUME/fpga/lib/eth/lib/axis/syn/vivado/axis_async_fifo.tcl]
Sourcing Tcl File [/home/sysadmin/NetFPGA-SUME/firmware/NetFPGA_SUME/fpga/lib/eth/lib/axis/syn/vivado/sync_reset.tcl]
Inserting timing constraints for sync_reset instance sync_reset_125mhz_inst
Inserting timing constraints for sync_reset instance sync_reset_156mhz_inst
Inserting timing constraints for sync_reset instance sync_reset_sfp_inst
Finished Sourcing Tcl File [/home/sysadmin/NetFPGA-SUME/firmware/NetFPGA_SUME/fpga/lib/eth/lib/axis/syn/vivado/sync_reset.tcl]
Parsing XDC File [/home/sysadmin/NetFPGA-SUME/firmware/NetFPGA_SUME/fpga/fpga/fpga.gen/sources_1/ip/ten_gig_eth_pcs_pma_0/synth/ten_gig_eth_pcs_pma_0_clocks.xdc] for cell 'sfp_1_pcs_pma_inst/inst'
Finished Parsing XDC File [/home/sysadmin/NetFPGA-SUME/firmware/NetFPGA_SUME/fpga/fpga/fpga.gen/sources_1/ip/ten_gig_eth_pcs_pma_0/synth/ten_gig_eth_pcs_pma_0_clocks.xdc] for cell 'sfp_1_pcs_pma_inst/inst'
Parsing XDC File [/home/sysadmin/NetFPGA-SUME/firmware/NetFPGA_SUME/fpga/fpga/fpga.gen/sources_1/ip/ten_gig_eth_pcs_pma_1/synth/ten_gig_eth_pcs_pma_1_clocks.xdc] for cell 'sfp_2_pcs_pma_inst/inst'
Finished Parsing XDC File [/home/sysadmin/NetFPGA-SUME/firmware/NetFPGA_SUME/fpga/fpga/fpga.gen/sources_1/ip/ten_gig_eth_pcs_pma_1/synth/ten_gig_eth_pcs_pma_1_clocks.xdc] for cell 'sfp_2_pcs_pma_inst/inst'
Parsing XDC File [/home/sysadmin/NetFPGA-SUME/firmware/NetFPGA_SUME/fpga/fpga/fpga.gen/sources_1/ip/ten_gig_eth_pcs_pma_1/synth/ten_gig_eth_pcs_pma_1_clocks.xdc] for cell 'sfp_3_pcs_pma_inst/inst'
Finished Parsing XDC File [/home/sysadmin/NetFPGA-SUME/firmware/NetFPGA_SUME/fpga/fpga/fpga.gen/sources_1/ip/ten_gig_eth_pcs_pma_1/synth/ten_gig_eth_pcs_pma_1_clocks.xdc] for cell 'sfp_3_pcs_pma_inst/inst'
Parsing XDC File [/home/sysadmin/NetFPGA-SUME/firmware/NetFPGA_SUME/fpga/fpga/fpga.gen/sources_1/ip/ten_gig_eth_pcs_pma_1/synth/ten_gig_eth_pcs_pma_1_clocks.xdc] for cell 'sfp_4_pcs_pma_inst/inst'
Finished Parsing XDC File [/home/sysadmin/NetFPGA-SUME/firmware/NetFPGA_SUME/fpga/fpga/fpga.gen/sources_1/ip/ten_gig_eth_pcs_pma_1/synth/ten_gig_eth_pcs_pma_1_clocks.xdc] for cell 'sfp_4_pcs_pma_inst/inst'
INFO: [Opt 31-138] Pushed 0 inverter(s) to 0 load pin(s).
INFO: [Project 1-1687] 8 scoped IP constraints or related sub-commands were skipped due to synthesis logic optimizations usually triggered by constant connectivity or unconnected output pins. To review the skipped constraints and messages, run the command 'set_param netlist.IPMsgFiltering false' before opening the design.
Netlist sorting complete. Time (s): cpu = 00:00:00 ; elapsed = 00:00:00 . Memory (MB): peak = 2967.562 ; gain = 0.000 ; free physical = 26060 ; free virtual = 35931
INFO: [Project 1-111] Unisim Transformation Summary:
  A total of 123 instances were transformed.
  IOBUF => IOBUF (IBUF, OBUFT): 2 instances
  RAM128X1D => RAM128X1D (MUXF7(x2), RAMD64E(x4)): 4 instances
  RAM32M => RAM32M (RAMD32(x6), RAMS32(x2)): 109 instances
  RAM32X1D => RAM32X1D (RAMD32(x2)): 8 instances

22 Infos, 10 Warnings, 1 Critical Warnings and 0 Errors encountered.
link_design completed successfully
link_design: Time (s): cpu = 00:00:15 ; elapsed = 00:00:14 . Memory (MB): peak = 2967.562 ; gain = 1570.605 ; free physical = 26060 ; free virtual = 35931
Command: opt_design
Attempting to get a license for feature 'Implementation' and/or device 'xc7vx690t'
INFO: [Common 17-349] Got license for feature 'Implementation' and/or device 'xc7vx690t'
INFO: [Common 17-86] Your Implementation license expires in 27 day(s)
Running DRC as a precondition to command opt_design

Starting DRC Task
INFO: [DRC 23-27] Running DRC with 16 threads
INFO: [Project 1-461] DRC finished with 0 Errors
INFO: [Project 1-462] Please refer to the DRC report (report_drc) for more information.

Time (s): cpu = 00:00:02 ; elapsed = 00:00:00.42 . Memory (MB): peak = 3042.039 ; gain = 74.477 ; free physical = 25965 ; free virtual = 35836

Starting Cache Timing Information Task
INFO: [Constraints 18-632] set_output_delay: No clock object specified, the clocks will be automatically identified [/home/sysadmin/NetFPGA-SUME/firmware/NetFPGA_SUME/fpga/fpga.xdc:44]
INFO: [Constraints 18-632] set_input_delay: No clock object specified, the clocks will be automatically identified [/home/sysadmin/NetFPGA-SUME/firmware/NetFPGA_SUME/fpga/fpga.xdc:51]
INFO: [Constraints 18-632] set_output_delay: No clock object specified, the clocks will be automatically identified [/home/sysadmin/NetFPGA-SUME/firmware/NetFPGA_SUME/fpga/fpga.xdc:105]
INFO: [Constraints 18-632] set_input_delay: No clock object specified, the clocks will be automatically identified [/home/sysadmin/NetFPGA-SUME/firmware/NetFPGA_SUME/fpga/fpga.xdc:109]
INFO: [Constraints 18-632] set_output_delay: No clock object specified, the clocks will be automatically identified [/home/sysadmin/NetFPGA-SUME/firmware/NetFPGA_SUME/fpga/fpga.xdc:111]
INFO: [Constraints 18-632] set_input_delay: No clock object specified, the clocks will be automatically identified [/home/sysadmin/NetFPGA-SUME/firmware/NetFPGA_SUME/fpga/fpga.xdc:113]
INFO: [Constraints 18-632] set_output_delay: No clock object specified, the clocks will be automatically identified [/home/sysadmin/NetFPGA-SUME/firmware/NetFPGA_SUME/fpga/fpga.xdc:115]
INFO: [Constraints 18-632] set_input_delay: No clock object specified, the clocks will be automatically identified [/home/sysadmin/NetFPGA-SUME/firmware/NetFPGA_SUME/fpga/fpga.xdc:117]
INFO: [Constraints 18-632] set_output_delay: No clock object specified, the clocks will be automatically identified [/home/sysadmin/NetFPGA-SUME/firmware/NetFPGA_SUME/fpga/fpga.xdc:125]
INFO: [Constraints 18-632] set_input_delay: No clock object specified, the clocks will be automatically identified [/home/sysadmin/NetFPGA-SUME/firmware/NetFPGA_SUME/fpga/fpga.xdc:127]
INFO: [Timing 38-35] Done setting XDC timing constraints.
Ending Cache Timing Information Task | Checksum: 154337cd2

Time (s): cpu = 00:00:00.9 ; elapsed = 00:00:00.22 . Memory (MB): peak = 3042.039 ; gain = 0.000 ; free physical = 25948 ; free virtual = 35819

Starting Logic Optimization Task

Phase 1 Initialization

Phase 1.1 Core Generation And Design Setup
Phase 1.1 Core Generation And Design Setup | Checksum: 154337cd2

Time (s): cpu = 00:00:00.01 ; elapsed = 00:00:00.02 . Memory (MB): peak = 3278.938 ; gain = 0.000 ; free physical = 25681 ; free virtual = 35552

Phase 1.2 Setup Constraints And Sort Netlist
Phase 1.2 Setup Constraints And Sort Netlist | Checksum: 154337cd2

Time (s): cpu = 00:00:00.02 ; elapsed = 00:00:00.02 . Memory (MB): peak = 3278.938 ; gain = 0.000 ; free physical = 25681 ; free virtual = 35552
Phase 1 Initialization | Checksum: 154337cd2

Time (s): cpu = 00:00:00.02 ; elapsed = 00:00:00.02 . Memory (MB): peak = 3278.938 ; gain = 0.000 ; free physical = 25681 ; free virtual = 35552

Phase 2 Timer Update And Timing Data Collection

Phase 2.1 Timer Update
Phase 2.1 Timer Update | Checksum: 154337cd2

Time (s): cpu = 00:00:00.85 ; elapsed = 00:00:00.14 . Memory (MB): peak = 3278.938 ; gain = 0.000 ; free physical = 25680 ; free virtual = 35551

Phase 2.2 Timing Data Collection
Phase 2.2 Timing Data Collection | Checksum: 154337cd2

Time (s): cpu = 00:00:00.87 ; elapsed = 00:00:00.21 . Memory (MB): peak = 3278.938 ; gain = 0.000 ; free physical = 25678 ; free virtual = 35549
Phase 2 Timer Update And Timing Data Collection | Checksum: 154337cd2

Time (s): cpu = 00:00:00.87 ; elapsed = 00:00:00.21 . Memory (MB): peak = 3278.938 ; gain = 0.000 ; free physical = 25678 ; free virtual = 35549

Phase 3 Retarget
INFO: [Opt 31-1851] Number of loadless carry chains removed were: 0
INFO: [Opt 31-1834] Total Chains To Be Transformed Were: 0 AND Number of Transformed insts Created are: 0
INFO: [Opt 31-1566] Pulled 3 inverters resulting in an inversion of 10 pins
INFO: [Opt 31-138] Pushed 0 inverter(s) to 0 load pin(s).
INFO: [Opt 31-49] Retargeted 0 cell(s).
Phase 3 Retarget | Checksum: 237dc5ce5

Time (s): cpu = 00:00:01 ; elapsed = 00:00:00.45 . Memory (MB): peak = 3278.938 ; gain = 0.000 ; free physical = 25678 ; free virtual = 35549
Retarget | Checksum: 237dc5ce5
INFO: [Opt 31-389] Phase Retarget created 1234 cells and removed 1609 cells
INFO: [Opt 31-1021] In phase Retarget, 10 netlist objects are constrained preventing optimization. Please run opt_design with -debug_log to get more detail. 

Phase 4 Constant propagation
INFO: [Opt 31-138] Pushed 0 inverter(s) to 0 load pin(s).
Phase 4 Constant propagation | Checksum: 1cb54eafe

Time (s): cpu = 00:00:01 ; elapsed = 00:00:00.54 . Memory (MB): peak = 3278.938 ; gain = 0.000 ; free physical = 25678 ; free virtual = 35549
Constant propagation | Checksum: 1cb54eafe
INFO: [Opt 31-389] Phase Constant propagation created 45 cells and removed 605 cells
INFO: [Opt 31-1021] In phase Constant propagation, 328 netlist objects are constrained preventing optimization. Please run opt_design with -debug_log to get more detail. 

Phase 5 Sweep
INFO: [Constraints 18-11670] Building netlist checker database with flags, 0x8
Done building netlist checker database: Time (s): cpu = 00:00:00.01 ; elapsed = 00:00:00.01 . Memory (MB): peak = 3278.938 ; gain = 0.000 ; free physical = 25674 ; free virtual = 35545
INFO: [Constraints 18-11670] Building netlist checker database with flags, 0x8
Done building netlist checker database: Time (s): cpu = 00:00:00 ; elapsed = 00:00:00.01 . Memory (MB): peak = 3278.938 ; gain = 0.000 ; free physical = 25674 ; free virtual = 35545
INFO: [Opt 31-120] Instance sfp_4_pcs_pma_inst/inst/ten_gig_eth_pcs_pma_1_core/ten_gig_eth_pcs_pma_inst/G_IS_BASER.ten_gig_eth_pcs_pma_inst/BASER.ten_gig_eth_pcs_pma_inst/ebuff_gen.rx_elastic_buffer_i (ten_gig_eth_pcs_pma_1_ten_gig_eth_pcs_pma_v6_0_28_elastic_buffer_wrapper_HD180) has been optimized to an empty box cell during sweep but it has constraints that prevent its removal. Empty box cells do not impact the implementation flow but they have no functional relevance.
Resolution: If this is not expected, please check for DONT_TOUCH properties or timing constraint set on the empty box cell or on nets connected to the cell. If found, remove the relevant DONT_TOUCH property or timing constraint and re-run opt_design.
INFO: [Opt 31-120] Instance sfp_3_pcs_pma_inst/inst/ten_gig_eth_pcs_pma_1_core/ten_gig_eth_pcs_pma_inst/G_IS_BASER.ten_gig_eth_pcs_pma_inst/BASER.ten_gig_eth_pcs_pma_inst/ebuff_gen.rx_elastic_buffer_i (ten_gig_eth_pcs_pma_1_ten_gig_eth_pcs_pma_v6_0_28_elastic_buffer_wrapper_HD41) has been optimized to an empty box cell during sweep but it has constraints that prevent its removal. Empty box cells do not impact the implementation flow but they have no functional relevance.
Resolution: If this is not expected, please check for DONT_TOUCH properties or timing constraint set on the empty box cell or on nets connected to the cell. If found, remove the relevant DONT_TOUCH property or timing constraint and re-run opt_design.
INFO: [Opt 31-120] Instance sfp_2_pcs_pma_inst/inst/ten_gig_eth_pcs_pma_1_core/ten_gig_eth_pcs_pma_inst/G_IS_BASER.ten_gig_eth_pcs_pma_inst/BASER.ten_gig_eth_pcs_pma_inst/ebuff_gen.rx_elastic_buffer_i (ten_gig_eth_pcs_pma_1_ten_gig_eth_pcs_pma_v6_0_28_elastic_buffer_wrapper) has been optimized to an empty box cell during sweep but it has constraints that prevent its removal. Empty box cells do not impact the implementation flow but they have no functional relevance.
Resolution: If this is not expected, please check for DONT_TOUCH properties or timing constraint set on the empty box cell or on nets connected to the cell. If found, remove the relevant DONT_TOUCH property or timing constraint and re-run opt_design.
Phase 5 Sweep | Checksum: 293d6e33e

Time (s): cpu = 00:00:02 ; elapsed = 00:00:00.84 . Memory (MB): peak = 3278.938 ; gain = 0.000 ; free physical = 25674 ; free virtual = 35545
Sweep | Checksum: 293d6e33e
INFO: [Opt 31-389] Phase Sweep created 0 cells and removed 6886 cells
INFO: [Opt 31-1021] In phase Sweep, 1881 netlist objects are constrained preventing optimization. Please run opt_design with -debug_log to get more detail. 

Phase 6 BUFG optimization
Phase 6 BUFG optimization | Checksum: 293d6e33e

Time (s): cpu = 00:00:02 ; elapsed = 00:00:00.89 . Memory (MB): peak = 3310.953 ; gain = 32.016 ; free physical = 25666 ; free virtual = 35537
BUFG optimization | Checksum: 293d6e33e
INFO: [Opt 31-662] Phase BUFG optimization created 0 cells of which 0 are BUFGs and removed 0 cells.

Phase 7 Shift Register Optimization
INFO: [Opt 31-1064] SRL Remap converted 0 SRLs to 0 registers and converted 0 registers of register chains to 0 SRLs
Phase 7 Shift Register Optimization | Checksum: 293d6e33e

Time (s): cpu = 00:00:02 ; elapsed = 00:00:00.9 . Memory (MB): peak = 3310.953 ; gain = 32.016 ; free physical = 25666 ; free virtual = 35537
Shift Register Optimization | Checksum: 293d6e33e
INFO: [Opt 31-389] Phase Shift Register Optimization created 0 cells and removed 0 cells

Phase 8 Post Processing Netlist
Phase 8 Post Processing Netlist | Checksum: 2687cb2fc

Time (s): cpu = 00:00:02 ; elapsed = 00:00:00.92 . Memory (MB): peak = 3310.953 ; gain = 32.016 ; free physical = 25666 ; free virtual = 35537
Post Processing Netlist | Checksum: 2687cb2fc
INFO: [Opt 31-389] Phase Post Processing Netlist created 0 cells and removed 0 cells

Phase 9 Finalization

Phase 9.1 Finalizing Design Cores and Updating Shapes
Phase 9.1 Finalizing Design Cores and Updating Shapes | Checksum: 1a1cddf84

Time (s): cpu = 00:00:02 ; elapsed = 00:00:01 . Memory (MB): peak = 3310.953 ; gain = 32.016 ; free physical = 25666 ; free virtual = 35537

Phase 9.2 Verifying Netlist Connectivity

Starting Connectivity Check Task

Time (s): cpu = 00:00:00.01 ; elapsed = 00:00:00.02 . Memory (MB): peak = 3310.953 ; gain = 0.000 ; free physical = 25666 ; free virtual = 35537
Phase 9.2 Verifying Netlist Connectivity | Checksum: 1a1cddf84

Time (s): cpu = 00:00:02 ; elapsed = 00:00:01 . Memory (MB): peak = 3310.953 ; gain = 32.016 ; free physical = 25666 ; free virtual = 35537
Phase 9 Finalization | Checksum: 1a1cddf84

Time (s): cpu = 00:00:02 ; elapsed = 00:00:01 . Memory (MB): peak = 3310.953 ; gain = 32.016 ; free physical = 25666 ; free virtual = 35537
Opt_design Change Summary
=========================


-------------------------------------------------------------------------------------------------------------------------
|  Phase                        |  #Cells created  |  #Cells Removed  |  #Constrained objects preventing optimizations  |
-------------------------------------------------------------------------------------------------------------------------
|  Retarget                     |            1234  |            1609  |                                             10  |
|  Constant propagation         |              45  |             605  |                                            328  |
|  Sweep                        |               0  |            6886  |                                           1881  |
|  BUFG optimization            |               0  |               0  |                                              0  |
|  Shift Register Optimization  |               0  |               0  |                                              0  |
|  Post Processing Netlist      |               0  |               0  |                                              0  |
-------------------------------------------------------------------------------------------------------------------------


Ending Logic Optimization Task | Checksum: 1a1cddf84

Time (s): cpu = 00:00:02 ; elapsed = 00:00:01 . Memory (MB): peak = 3310.953 ; gain = 32.016 ; free physical = 25666 ; free virtual = 35537

Starting Power Optimization Task
INFO: [Pwropt 34-132] Skipping clock gating for clocks with a period < 2.00 ns.
INFO: [Constraints 18-632] set_output_delay: No clock object specified, the clocks will be automatically identified [/home/sysadmin/NetFPGA-SUME/firmware/NetFPGA_SUME/fpga/fpga.xdc:44]
INFO: [Constraints 18-632] set_input_delay: No clock object specified, the clocks will be automatically identified [/home/sysadmin/NetFPGA-SUME/firmware/NetFPGA_SUME/fpga/fpga.xdc:51]
INFO: [Constraints 18-632] set_output_delay: No clock object specified, the clocks will be automatically identified [/home/sysadmin/NetFPGA-SUME/firmware/NetFPGA_SUME/fpga/fpga.xdc:105]
INFO: [Constraints 18-632] set_input_delay: No clock object specified, the clocks will be automatically identified [/home/sysadmin/NetFPGA-SUME/firmware/NetFPGA_SUME/fpga/fpga.xdc:109]
INFO: [Constraints 18-632] set_output_delay: No clock object specified, the clocks will be automatically identified [/home/sysadmin/NetFPGA-SUME/firmware/NetFPGA_SUME/fpga/fpga.xdc:111]
INFO: [Constraints 18-632] set_input_delay: No clock object specified, the clocks will be automatically identified [/home/sysadmin/NetFPGA-SUME/firmware/NetFPGA_SUME/fpga/fpga.xdc:113]
INFO: [Constraints 18-632] set_output_delay: No clock object specified, the clocks will be automatically identified [/home/sysadmin/NetFPGA-SUME/firmware/NetFPGA_SUME/fpga/fpga.xdc:115]
INFO: [Constraints 18-632] set_input_delay: No clock object specified, the clocks will be automatically identified [/home/sysadmin/NetFPGA-SUME/firmware/NetFPGA_SUME/fpga/fpga.xdc:117]
INFO: [Constraints 18-632] set_output_delay: No clock object specified, the clocks will be automatically identified [/home/sysadmin/NetFPGA-SUME/firmware/NetFPGA_SUME/fpga/fpga.xdc:125]
INFO: [Constraints 18-632] set_input_delay: No clock object specified, the clocks will be automatically identified [/home/sysadmin/NetFPGA-SUME/firmware/NetFPGA_SUME/fpga/fpga.xdc:127]
INFO: [Timing 38-35] Done setting XDC timing constraints.
Running Vector-less Activity Propagation...
INFO: [Pwropt 34-9] Applying IDT optimizations ...
INFO: [Pwropt 34-10] Applying ODC optimizations ...

Finished Running Vector-less Activity Propagation


Starting PowerOpt Patch Enables Task
INFO: [Pwropt 34-162] WRITE_MODE attribute of 0 BRAM(s) out of a total of 25 has been updated to save power. Run report_power_opt to get a complete listing of the BRAMs updated.
INFO: [Pwropt 34-201] Structural ODC has moved 0 WE to EN ports
Number of BRAM Ports augmented: 23 newly gated: 3 Total Ports: 50
Ending PowerOpt Patch Enables Task | Checksum: 17c30f569

Time (s): cpu = 00:00:00.13 ; elapsed = 00:00:00.08 . Memory (MB): peak = 3896.453 ; gain = 0.000 ; free physical = 25377 ; free virtual = 35253
Ending Power Optimization Task | Checksum: 17c30f569

Time (s): cpu = 00:00:04 ; elapsed = 00:00:02 . Memory (MB): peak = 3896.453 ; gain = 585.500 ; free physical = 25377 ; free virtual = 35253

Starting Final Cleanup Task

Starting Logic Optimization Task
INFO: [Constraints 18-632] set_output_delay: No clock object specified, the clocks will be automatically identified [/home/sysadmin/NetFPGA-SUME/firmware/NetFPGA_SUME/fpga/fpga.xdc:44]
INFO: [Constraints 18-632] set_input_delay: No clock object specified, the clocks will be automatically identified [/home/sysadmin/NetFPGA-SUME/firmware/NetFPGA_SUME/fpga/fpga.xdc:51]
INFO: [Constraints 18-632] set_output_delay: No clock object specified, the clocks will be automatically identified [/home/sysadmin/NetFPGA-SUME/firmware/NetFPGA_SUME/fpga/fpga.xdc:105]
INFO: [Constraints 18-632] set_input_delay: No clock object specified, the clocks will be automatically identified [/home/sysadmin/NetFPGA-SUME/firmware/NetFPGA_SUME/fpga/fpga.xdc:109]
INFO: [Constraints 18-632] set_output_delay: No clock object specified, the clocks will be automatically identified [/home/sysadmin/NetFPGA-SUME/firmware/NetFPGA_SUME/fpga/fpga.xdc:111]
INFO: [Constraints 18-632] set_input_delay: No clock object specified, the clocks will be automatically identified [/home/sysadmin/NetFPGA-SUME/firmware/NetFPGA_SUME/fpga/fpga.xdc:113]
INFO: [Constraints 18-632] set_output_delay: No clock object specified, the clocks will be automatically identified [/home/sysadmin/NetFPGA-SUME/firmware/NetFPGA_SUME/fpga/fpga.xdc:115]
INFO: [Constraints 18-632] set_input_delay: No clock object specified, the clocks will be automatically identified [/home/sysadmin/NetFPGA-SUME/firmware/NetFPGA_SUME/fpga/fpga.xdc:117]
INFO: [Constraints 18-632] set_output_delay: No clock object specified, the clocks will be automatically identified [/home/sysadmin/NetFPGA-SUME/firmware/NetFPGA_SUME/fpga/fpga.xdc:125]
INFO: [Constraints 18-632] set_input_delay: No clock object specified, the clocks will be automatically identified [/home/sysadmin/NetFPGA-SUME/firmware/NetFPGA_SUME/fpga/fpga.xdc:127]
INFO: [Timing 38-35] Done setting XDC timing constraints.
Ending Logic Optimization Task | Checksum: 1a2bbc071

Time (s): cpu = 00:00:01 ; elapsed = 00:00:00.39 . Memory (MB): peak = 3896.453 ; gain = 0.000 ; free physical = 25376 ; free virtual = 35252
Ending Final Cleanup Task | Checksum: 1a2bbc071

Time (s): cpu = 00:00:02 ; elapsed = 00:00:01 . Memory (MB): peak = 3896.453 ; gain = 0.000 ; free physical = 25376 ; free virtual = 35252

Starting Netlist Obfuscation Task
Netlist sorting complete. Time (s): cpu = 00:00:00 ; elapsed = 00:00:00.01 . Memory (MB): peak = 3896.453 ; gain = 0.000 ; free physical = 25376 ; free virtual = 35252
Ending Netlist Obfuscation Task | Checksum: 1a2bbc071

Time (s): cpu = 00:00:00 ; elapsed = 00:00:00.01 . Memory (MB): peak = 3896.453 ; gain = 0.000 ; free physical = 25376 ; free virtual = 35252
INFO: [Common 17-83] Releasing license: Implementation
87 Infos, 10 Warnings, 1 Critical Warnings and 0 Errors encountered.
opt_design completed successfully
opt_design: Time (s): cpu = 00:00:12 ; elapsed = 00:00:06 . Memory (MB): peak = 3896.453 ; gain = 928.891 ; free physical = 25376 ; free virtual = 35252
INFO: [Vivado 12-24828] Executing command : report_drc -file fpga_drc_opted.rpt -pb fpga_drc_opted.pb -rpx fpga_drc_opted.rpx
Command: report_drc -file fpga_drc_opted.rpt -pb fpga_drc_opted.pb -rpx fpga_drc_opted.rpx
INFO: [IP_Flow 19-1839] IP Catalog is up to date.
INFO: [DRC 23-27] Running DRC with 16 threads
INFO: [Vivado_Tcl 2-168] The results of DRC are in file /home/sysadmin/NetFPGA-SUME/firmware/NetFPGA_SUME/fpga/fpga/fpga.runs/impl_1/fpga_drc_opted.rpt.
report_drc completed successfully
INFO: [Constraints 18-632] set_output_delay: No clock object specified, the clocks will be automatically identified [/home/sysadmin/NetFPGA-SUME/firmware/NetFPGA_SUME/fpga/fpga.xdc:44]
INFO: [Constraints 18-632] set_input_delay: No clock object specified, the clocks will be automatically identified [/home/sysadmin/NetFPGA-SUME/firmware/NetFPGA_SUME/fpga/fpga.xdc:51]
INFO: [Constraints 18-632] set_output_delay: No clock object specified, the clocks will be automatically identified [/home/sysadmin/NetFPGA-SUME/firmware/NetFPGA_SUME/fpga/fpga.xdc:105]
INFO: [Constraints 18-632] set_input_delay: No clock object specified, the clocks will be automatically identified [/home/sysadmin/NetFPGA-SUME/firmware/NetFPGA_SUME/fpga/fpga.xdc:109]
INFO: [Constraints 18-632] set_output_delay: No clock object specified, the clocks will be automatically identified [/home/sysadmin/NetFPGA-SUME/firmware/NetFPGA_SUME/fpga/fpga.xdc:111]
INFO: [Constraints 18-632] set_input_delay: No clock object specified, the clocks will be automatically identified [/home/sysadmin/NetFPGA-SUME/firmware/NetFPGA_SUME/fpga/fpga.xdc:113]
INFO: [Constraints 18-632] set_output_delay: No clock object specified, the clocks will be automatically identified [/home/sysadmin/NetFPGA-SUME/firmware/NetFPGA_SUME/fpga/fpga.xdc:115]
INFO: [Constraints 18-632] set_input_delay: No clock object specified, the clocks will be automatically identified [/home/sysadmin/NetFPGA-SUME/firmware/NetFPGA_SUME/fpga/fpga.xdc:117]
INFO: [Constraints 18-632] set_output_delay: No clock object specified, the clocks will be automatically identified [/home/sysadmin/NetFPGA-SUME/firmware/NetFPGA_SUME/fpga/fpga.xdc:125]
INFO: [Constraints 18-632] set_input_delay: No clock object specified, the clocks will be automatically identified [/home/sysadmin/NetFPGA-SUME/firmware/NetFPGA_SUME/fpga/fpga.xdc:127]
INFO: [Timing 38-35] Done setting XDC timing constraints.
INFO: [Timing 38-480] Writing timing data to binary archive.
Wrote PlaceDB: Time (s): cpu = 00:00:00.01 ; elapsed = 00:00:00 . Memory (MB): peak = 3896.453 ; gain = 0.000 ; free physical = 25365 ; free virtual = 35241
Wrote PulsedLatchDB: Time (s): cpu = 00:00:00 ; elapsed = 00:00:00 . Memory (MB): peak = 3896.453 ; gain = 0.000 ; free physical = 25365 ; free virtual = 35241
Writing XDEF routing.
Write ShapeDB Complete: Time (s): cpu = 00:00:00.03 ; elapsed = 00:00:00.01 . Memory (MB): peak = 3896.453 ; gain = 0.000 ; free physical = 25363 ; free virtual = 35240
Writing XDEF routing logical nets.
Writing XDEF routing special nets.
Wrote RouteStorage: Time (s): cpu = 00:00:00.09 ; elapsed = 00:00:00.03 . Memory (MB): peak = 3896.453 ; gain = 0.000 ; free physical = 25363 ; free virtual = 35241
Wrote Netlist Cache: Time (s): cpu = 00:00:00 ; elapsed = 00:00:00 . Memory (MB): peak = 3896.453 ; gain = 0.000 ; free physical = 25363 ; free virtual = 35241
Wrote Device Cache: Time (s): cpu = 00:00:00.02 ; elapsed = 00:00:00.01 . Memory (MB): peak = 3896.453 ; gain = 0.000 ; free physical = 25361 ; free virtual = 35241
Write Physdb Complete: Time (s): cpu = 00:00:00.12 ; elapsed = 00:00:00.04 . Memory (MB): peak = 3896.453 ; gain = 0.000 ; free physical = 25361 ; free virtual = 35241
INFO: [Common 17-1381] The checkpoint '/home/sysadmin/NetFPGA-SUME/firmware/NetFPGA_SUME/fpga/fpga/fpga.runs/impl_1/fpga_opt.dcp' has been generated.
Command: place_design
Attempting to get a license for feature 'Implementation' and/or device 'xc7vx690t'
INFO: [Common 17-349] Got license for feature 'Implementation' and/or device 'xc7vx690t'
INFO: [Common 17-86] Your Implementation license expires in 27 day(s)
INFO: [Common 17-83] Releasing license: Implementation
INFO: [DRC 23-27] Running DRC with 16 threads
INFO: [Vivado_Tcl 4-198] DRC finished with 0 Errors
INFO: [Vivado_Tcl 4-199] Please refer to the DRC report (report_drc) for more information.
Running DRC as a precondition to command place_design
INFO: [DRC 23-27] Running DRC with 16 threads
INFO: [Vivado_Tcl 4-198] DRC finished with 0 Errors
INFO: [Vivado_Tcl 4-199] Please refer to the DRC report (report_drc) for more information.
INFO: [Place 30-611] Multithreading enabled for place_design using a maximum of 16 CPUs

Starting Placer Task

Phase 1 Placer Initialization

Phase 1.1 Placer Initialization Netlist Sorting
Netlist sorting complete. Time (s): cpu = 00:00:00 ; elapsed = 00:00:00 . Memory (MB): peak = 3896.453 ; gain = 0.000 ; free physical = 25334 ; free virtual = 35215
Phase 1.1 Placer Initialization Netlist Sorting | Checksum: 17083cbaa

Time (s): cpu = 00:00:00.01 ; elapsed = 00:00:00 . Memory (MB): peak = 3896.453 ; gain = 0.000 ; free physical = 25334 ; free virtual = 35215
Netlist sorting complete. Time (s): cpu = 00:00:00 ; elapsed = 00:00:00.01 . Memory (MB): peak = 3896.453 ; gain = 0.000 ; free physical = 25334 ; free virtual = 35215

Phase 1.2 IO Placement/ Clock Placement/ Build Placer Device
Phase 1.2 IO Placement/ Clock Placement/ Build Placer Device | Checksum: 12ef6869e

Time (s): cpu = 00:00:02 ; elapsed = 00:00:01 . Memory (MB): peak = 3896.453 ; gain = 0.000 ; free physical = 25331 ; free virtual = 35215

Phase 1.3 Build Placer Netlist Model
Phase 1.3 Build Placer Netlist Model | Checksum: 182135fdb

Time (s): cpu = 00:00:06 ; elapsed = 00:00:03 . Memory (MB): peak = 3896.453 ; gain = 0.000 ; free physical = 25328 ; free virtual = 35214

Phase 1.4 Constrain Clocks/Macros
Phase 1.4 Constrain Clocks/Macros | Checksum: 182135fdb

Time (s): cpu = 00:00:06 ; elapsed = 00:00:03 . Memory (MB): peak = 3896.453 ; gain = 0.000 ; free physical = 25328 ; free virtual = 35214
Phase 1 Placer Initialization | Checksum: 182135fdb

Time (s): cpu = 00:00:06 ; elapsed = 00:00:03 . Memory (MB): peak = 3896.453 ; gain = 0.000 ; free physical = 25328 ; free virtual = 35214

Phase 2 Global Placement

Phase 2.1 Floorplanning
Phase 2.1 Floorplanning | Checksum: 19a4ee8d8

Time (s): cpu = 00:00:07 ; elapsed = 00:00:03 . Memory (MB): peak = 3896.453 ; gain = 0.000 ; free physical = 25365 ; free virtual = 35251

Phase 2.2 Update Timing before SLR Path Opt
Phase 2.2 Update Timing before SLR Path Opt | Checksum: 140f9a83f

Time (s): cpu = 00:00:08 ; elapsed = 00:00:04 . Memory (MB): peak = 3896.453 ; gain = 0.000 ; free physical = 25365 ; free virtual = 35251

Phase 2.3 Post-Processing in Floorplanning
Phase 2.3 Post-Processing in Floorplanning | Checksum: 140f9a83f

Time (s): cpu = 00:00:08 ; elapsed = 00:00:04 . Memory (MB): peak = 3896.453 ; gain = 0.000 ; free physical = 25365 ; free virtual = 35251

Phase 2.4 Global Place Phase1
Phase 2.4 Global Place Phase1 | Checksum: 18c492bcd

Time (s): cpu = 00:00:19 ; elapsed = 00:00:08 . Memory (MB): peak = 3896.453 ; gain = 0.000 ; free physical = 25388 ; free virtual = 35275

Phase 2.5 Global Place Phase2

Phase 2.5.1 UpdateTiming Before Physical Synthesis
Phase 2.5.1 UpdateTiming Before Physical Synthesis | Checksum: 1d1377e24

Time (s): cpu = 00:00:20 ; elapsed = 00:00:09 . Memory (MB): peak = 3896.453 ; gain = 0.000 ; free physical = 25388 ; free virtual = 35275

Phase 2.5.2 Physical Synthesis In Placer
INFO: [Physopt 32-1035] Found 0 LUTNM shape to break, 1203 LUT instances to create LUTNM shape
INFO: [Physopt 32-1044] Break lutnm for timing: one critical 0, two critical 0, total 0, new lutff created 0
INFO: [Physopt 32-1138] End 1 Pass. Optimized 512 nets or LUTs. Breaked 0 LUT, combined 512 existing LUTs and moved 0 existing LUT
INFO: [Physopt 32-65] No nets found for high-fanout optimization.
INFO: [Physopt 32-232] Optimized 0 net. Created 0 new instance.
INFO: [Physopt 32-775] End 1 Pass. Optimized 0 net or cell. Created 0 new cell, deleted 0 existing cell and moved 0 existing cell
INFO: [Physopt 32-456] No candidate cells for DSP register optimization found in the design.
INFO: [Physopt 32-775] End 2 Pass. Optimized 0 net or cell. Created 0 new cell, deleted 0 existing cell and moved 0 existing cell
INFO: [Physopt 32-1123] No candidate cells found for Shift Register to Pipeline optimization
INFO: [Physopt 32-775] End 2 Pass. Optimized 0 net or cell. Created 0 new cell, deleted 0 existing cell and moved 0 existing cell
INFO: [Physopt 32-1401] No candidate cells found for Shift Register optimization.
INFO: [Physopt 32-677] No candidate cells for Shift Register optimization found in the design
INFO: [Physopt 32-775] End 1 Pass. Optimized 0 net or cell. Created 0 new cell, deleted 0 existing cell and moved 0 existing cell
INFO: [Physopt 32-526] No candidate cells for BRAM register optimization found in the design
INFO: [Physopt 32-775] End 1 Pass. Optimized 0 net or cell. Created 0 new cell, deleted 0 existing cell and moved 0 existing cell
INFO: [Physopt 32-846] No candidate cells for URAM register optimization found in the design
INFO: [Physopt 32-775] End 1 Pass. Optimized 0 net or cell. Created 0 new cell, deleted 0 existing cell and moved 0 existing cell
INFO: [Physopt 32-846] No candidate cells for URAM register optimization found in the design
INFO: [Physopt 32-775] End 1 Pass. Optimized 0 net or cell. Created 0 new cell, deleted 0 existing cell and moved 0 existing cell
INFO: [Physopt 32-949] No candidate nets found for dynamic/static region interface net replication
INFO: [Physopt 32-775] End 1 Pass. Optimized 0 net or cell. Created 0 new cell, deleted 0 existing cell and moved 0 existing cell
Netlist sorting complete. Time (s): cpu = 00:00:00 ; elapsed = 00:00:00 . Memory (MB): peak = 3896.453 ; gain = 0.000 ; free physical = 25386 ; free virtual = 35275

Summary of Physical Synthesis Optimizations
============================================


-----------------------------------------------------------------------------------------------------------------------------------------------------------
|  Optimization                                     |  Added Cells  |  Removed Cells  |  Optimized Cells/Nets  |  Dont Touch  |  Iterations  |  Elapsed   |
-----------------------------------------------------------------------------------------------------------------------------------------------------------
|  LUT Combining                                    |            0  |            512  |                   512  |           0  |           1  |  00:00:00  |
|  Retime                                           |            0  |              0  |                     0  |           0  |           1  |  00:00:00  |
|  Very High Fanout                                 |            0  |              0  |                     0  |           0  |           1  |  00:00:00  |
|  DSP Register                                     |            0  |              0  |                     0  |           0  |           1  |  00:00:00  |
|  Shift Register to Pipeline                       |            0  |              0  |                     0  |           0  |           1  |  00:00:00  |
|  Shift Register                                   |            0  |              0  |                     0  |           0  |           1  |  00:00:00  |
|  BRAM Register                                    |            0  |              0  |                     0  |           0  |           1  |  00:00:00  |
|  URAM Register                                    |            0  |              0  |                     0  |           0  |           1  |  00:00:00  |
|  Dynamic/Static Region Interface Net Replication  |            0  |              0  |                     0  |           0  |           1  |  00:00:00  |
|  Total                                            |            0  |            512  |                   512  |           0  |           9  |  00:00:00  |
-----------------------------------------------------------------------------------------------------------------------------------------------------------


Phase 2.5.2 Physical Synthesis In Placer | Checksum: 1efbb9231

Time (s): cpu = 00:00:21 ; elapsed = 00:00:10 . Memory (MB): peak = 3896.453 ; gain = 0.000 ; free physical = 25386 ; free virtual = 35275
Phase 2.5 Global Place Phase2 | Checksum: 16977f859

Time (s): cpu = 00:00:22 ; elapsed = 00:00:10 . Memory (MB): peak = 3896.453 ; gain = 0.000 ; free physical = 25385 ; free virtual = 35275
Phase 2 Global Placement | Checksum: 16977f859

Time (s): cpu = 00:00:22 ; elapsed = 00:00:10 . Memory (MB): peak = 3896.453 ; gain = 0.000 ; free physical = 25385 ; free virtual = 35275

Phase 3 Detail Placement

Phase 3.1 Commit Multi Column Macros
Phase 3.1 Commit Multi Column Macros | Checksum: 2204ea660

Time (s): cpu = 00:00:23 ; elapsed = 00:00:11 . Memory (MB): peak = 3896.453 ; gain = 0.000 ; free physical = 25385 ; free virtual = 35275

Phase 3.2 Commit Most Macros & LUTRAMs
Phase 3.2 Commit Most Macros & LUTRAMs | Checksum: 21f3c128a

Time (s): cpu = 00:00:25 ; elapsed = 00:00:12 . Memory (MB): peak = 3896.453 ; gain = 0.000 ; free physical = 25385 ; free virtual = 35275

Phase 3.3 Area Swap Optimization
Phase 3.3 Area Swap Optimization | Checksum: 1d6319bf3

Time (s): cpu = 00:00:25 ; elapsed = 00:00:12 . Memory (MB): peak = 3896.453 ; gain = 0.000 ; free physical = 25385 ; free virtual = 35275

Phase 3.4 Pipeline Register Optimization
Phase 3.4 Pipeline Register Optimization | Checksum: 1c06742c4

Time (s): cpu = 00:00:25 ; elapsed = 00:00:12 . Memory (MB): peak = 3896.453 ; gain = 0.000 ; free physical = 25385 ; free virtual = 35275

Phase 3.5 Fast Optimization
Phase 3.5 Fast Optimization | Checksum: 21f8672f4

Time (s): cpu = 00:00:27 ; elapsed = 00:00:13 . Memory (MB): peak = 3896.453 ; gain = 0.000 ; free physical = 25391 ; free virtual = 35281

Phase 3.6 Small Shape Detail Placement
Phase 3.6 Small Shape Detail Placement | Checksum: 1b6ad9c6f

Time (s): cpu = 00:00:30 ; elapsed = 00:00:15 . Memory (MB): peak = 3896.453 ; gain = 0.000 ; free physical = 25384 ; free virtual = 35274

Phase 3.7 Re-assign LUT pins
Phase 3.7 Re-assign LUT pins | Checksum: 1d3f62d63

Time (s): cpu = 00:00:30 ; elapsed = 00:00:15 . Memory (MB): peak = 3896.453 ; gain = 0.000 ; free physical = 25384 ; free virtual = 35274

Phase 3.8 Pipeline Register Optimization
Phase 3.8 Pipeline Register Optimization | Checksum: 1af0c86c3

Time (s): cpu = 00:00:30 ; elapsed = 00:00:15 . Memory (MB): peak = 3896.453 ; gain = 0.000 ; free physical = 25384 ; free virtual = 35274
Phase 3 Detail Placement | Checksum: 1af0c86c3

Time (s): cpu = 00:00:30 ; elapsed = 00:00:15 . Memory (MB): peak = 3896.453 ; gain = 0.000 ; free physical = 25384 ; free virtual = 35274

Phase 4 Post Placement Optimization and Clean-Up

Phase 4.1 Post Commit Optimization
INFO: [Constraints 18-632] set_output_delay: No clock object specified, the clocks will be automatically identified [/home/sysadmin/NetFPGA-SUME/firmware/NetFPGA_SUME/fpga/fpga.xdc:44]
INFO: [Constraints 18-632] set_input_delay: No clock object specified, the clocks will be automatically identified [/home/sysadmin/NetFPGA-SUME/firmware/NetFPGA_SUME/fpga/fpga.xdc:51]
INFO: [Constraints 18-632] set_output_delay: No clock object specified, the clocks will be automatically identified [/home/sysadmin/NetFPGA-SUME/firmware/NetFPGA_SUME/fpga/fpga.xdc:105]
INFO: [Constraints 18-632] set_input_delay: No clock object specified, the clocks will be automatically identified [/home/sysadmin/NetFPGA-SUME/firmware/NetFPGA_SUME/fpga/fpga.xdc:109]
INFO: [Constraints 18-632] set_output_delay: No clock object specified, the clocks will be automatically identified [/home/sysadmin/NetFPGA-SUME/firmware/NetFPGA_SUME/fpga/fpga.xdc:111]
INFO: [Constraints 18-632] set_input_delay: No clock object specified, the clocks will be automatically identified [/home/sysadmin/NetFPGA-SUME/firmware/NetFPGA_SUME/fpga/fpga.xdc:113]
INFO: [Constraints 18-632] set_output_delay: No clock object specified, the clocks will be automatically identified [/home/sysadmin/NetFPGA-SUME/firmware/NetFPGA_SUME/fpga/fpga.xdc:115]
INFO: [Constraints 18-632] set_input_delay: No clock object specified, the clocks will be automatically identified [/home/sysadmin/NetFPGA-SUME/firmware/NetFPGA_SUME/fpga/fpga.xdc:117]
INFO: [Constraints 18-632] set_output_delay: No clock object specified, the clocks will be automatically identified [/home/sysadmin/NetFPGA-SUME/firmware/NetFPGA_SUME/fpga/fpga.xdc:125]
INFO: [Constraints 18-632] set_input_delay: No clock object specified, the clocks will be automatically identified [/home/sysadmin/NetFPGA-SUME/firmware/NetFPGA_SUME/fpga/fpga.xdc:127]
INFO: [Timing 38-35] Done setting XDC timing constraints.

Phase 4.1.1 Post Placement Optimization
Post Placement Optimization Initialization | Checksum: 1f59674e4

Phase 4.1.1.1 BUFG Insertion

Starting Physical Synthesis Task

Phase 1 Physical Synthesis Initialization
INFO: [Physopt 32-721] Multithreading enabled for phys_opt_design using a maximum of 16 CPUs
INFO: [Physopt 32-619] Estimated Timing Summary | WNS=-0.139 | TNS=-0.453 |
Phase 1 Physical Synthesis Initialization | Checksum: 1d11013d3

Time (s): cpu = 00:00:00.92 ; elapsed = 00:00:00.18 . Memory (MB): peak = 3896.453 ; gain = 0.000 ; free physical = 25378 ; free virtual = 35268
INFO: [Place 46-56] BUFG insertion identified 0 candidate nets. Inserted BUFG: 0, Replicated BUFG Driver: 0, Skipped due to Placement/Routing Conflicts: 0, Skipped due to Timing Degradation: 0, Skipped due to netlist editing failed: 0.
Ending Physical Synthesis Task | Checksum: 129b6cf45

Time (s): cpu = 00:00:01 ; elapsed = 00:00:00.24 . Memory (MB): peak = 3896.453 ; gain = 0.000 ; free physical = 25374 ; free virtual = 35264
Phase 4.1.1.1 BUFG Insertion | Checksum: 1f59674e4

Time (s): cpu = 00:00:35 ; elapsed = 00:00:17 . Memory (MB): peak = 3896.453 ; gain = 0.000 ; free physical = 25374 ; free virtual = 35264

Phase 4.1.1.2 Post Placement Timing Optimization
INFO: [Place 30-746] Post Placement Timing Summary WNS=0.421. For the most accurate timing information please run report_timing.
Phase 4.1.1.2 Post Placement Timing Optimization | Checksum: 1c81d8129

Time (s): cpu = 00:00:39 ; elapsed = 00:00:20 . Memory (MB): peak = 3896.453 ; gain = 0.000 ; free physical = 25362 ; free virtual = 35252

Time (s): cpu = 00:00:39 ; elapsed = 00:00:20 . Memory (MB): peak = 3896.453 ; gain = 0.000 ; free physical = 25362 ; free virtual = 35252
Phase 4.1 Post Commit Optimization | Checksum: 1c81d8129

Time (s): cpu = 00:00:39 ; elapsed = 00:00:20 . Memory (MB): peak = 3896.453 ; gain = 0.000 ; free physical = 25362 ; free virtual = 35252

Phase 4.2 Post Placement Cleanup
Phase 4.2 Post Placement Cleanup | Checksum: 1c81d8129

Time (s): cpu = 00:00:39 ; elapsed = 00:00:20 . Memory (MB): peak = 3896.453 ; gain = 0.000 ; free physical = 25362 ; free virtual = 35252

Phase 4.3 Placer Reporting

Phase 4.3.1 Print Estimated Congestion
INFO: [Place 30-612] Post-Placement Estimated Congestion 
 ____________________________________________________
|           | Global Congestion | Short Congestion  |
| Direction | Region Size       | Region Size       |
|___________|___________________|___________________|
|      North|                1x1|                4x4|
|___________|___________________|___________________|
|      South|                1x1|                4x4|
|___________|___________________|___________________|
|       East|                1x1|                1x1|
|___________|___________________|___________________|
|       West|                1x1|                2x2|
|___________|___________________|___________________|

Phase 4.3.1 Print Estimated Congestion | Checksum: 1c81d8129

Time (s): cpu = 00:00:39 ; elapsed = 00:00:20 . Memory (MB): peak = 3896.453 ; gain = 0.000 ; free physical = 25362 ; free virtual = 35252
Phase 4.3 Placer Reporting | Checksum: 1c81d8129

Time (s): cpu = 00:00:39 ; elapsed = 00:00:20 . Memory (MB): peak = 3896.453 ; gain = 0.000 ; free physical = 25362 ; free virtual = 35252

Phase 4.4 Final Placement Cleanup
Netlist sorting complete. Time (s): cpu = 00:00:00.01 ; elapsed = 00:00:00 . Memory (MB): peak = 3896.453 ; gain = 0.000 ; free physical = 25362 ; free virtual = 35252

Time (s): cpu = 00:00:39 ; elapsed = 00:00:20 . Memory (MB): peak = 3896.453 ; gain = 0.000 ; free physical = 25362 ; free virtual = 35252
Phase 4 Post Placement Optimization and Clean-Up | Checksum: 15b61867a

Time (s): cpu = 00:00:39 ; elapsed = 00:00:20 . Memory (MB): peak = 3896.453 ; gain = 0.000 ; free physical = 25362 ; free virtual = 35252
Ending Placer Task | Checksum: d6d71b83

Time (s): cpu = 00:00:39 ; elapsed = 00:00:20 . Memory (MB): peak = 3896.453 ; gain = 0.000 ; free physical = 25362 ; free virtual = 35252
151 Infos, 10 Warnings, 1 Critical Warnings and 0 Errors encountered.
place_design completed successfully
place_design: Time (s): cpu = 00:00:43 ; elapsed = 00:00:21 . Memory (MB): peak = 3896.453 ; gain = 0.000 ; free physical = 25362 ; free virtual = 35252
INFO: [Vivado 12-24838] Running report commands "report_control_sets, report_io, report_utilization" in parallel.
Running report generation with 3 threads.
INFO: [Vivado 12-24828] Executing command : report_control_sets -verbose -file fpga_control_sets_placed.rpt
report_control_sets: Time (s): cpu = 00:00:00.13 ; elapsed = 00:00:00.06 . Memory (MB): peak = 3896.453 ; gain = 0.000 ; free physical = 25359 ; free virtual = 35249
INFO: [Vivado 12-24828] Executing command : report_io -file fpga_io_placed.rpt
report_io: Time (s): cpu = 00:00:00.33 ; elapsed = 00:00:00.16 . Memory (MB): peak = 3896.453 ; gain = 0.000 ; free physical = 25345 ; free virtual = 35236
INFO: [Vivado 12-24828] Executing command : report_utilization -file fpga_utilization_placed.rpt -pb fpga_utilization_placed.pb
INFO: [Timing 38-480] Writing timing data to binary archive.
Write ShapeDB Complete: Time (s): cpu = 00:00:00.08 ; elapsed = 00:00:00.02 . Memory (MB): peak = 3896.453 ; gain = 0.000 ; free physical = 25345 ; free virtual = 35240
Wrote PlaceDB: Time (s): cpu = 00:00:00.88 ; elapsed = 00:00:00.39 . Memory (MB): peak = 3896.453 ; gain = 0.000 ; free physical = 25316 ; free virtual = 35231
Wrote PulsedLatchDB: Time (s): cpu = 00:00:00 ; elapsed = 00:00:00 . Memory (MB): peak = 3896.453 ; gain = 0.000 ; free physical = 25316 ; free virtual = 35231
Writing XDEF routing.
Writing XDEF routing logical nets.
Writing XDEF routing special nets.
Wrote RouteStorage: Time (s): cpu = 00:00:00.03 ; elapsed = 00:00:00.03 . Memory (MB): peak = 3896.453 ; gain = 0.000 ; free physical = 25316 ; free virtual = 35232
Wrote Netlist Cache: Time (s): cpu = 00:00:00.01 ; elapsed = 00:00:00.01 . Memory (MB): peak = 3896.453 ; gain = 0.000 ; free physical = 25316 ; free virtual = 35234
Wrote Device Cache: Time (s): cpu = 00:00:00 ; elapsed = 00:00:00.01 . Memory (MB): peak = 3896.453 ; gain = 0.000 ; free physical = 25316 ; free virtual = 35235
Write Physdb Complete: Time (s): cpu = 00:00:00.93 ; elapsed = 00:00:00.44 . Memory (MB): peak = 3896.453 ; gain = 0.000 ; free physical = 25316 ; free virtual = 35235
INFO: [Common 17-1381] The checkpoint '/home/sysadmin/NetFPGA-SUME/firmware/NetFPGA_SUME/fpga/fpga/fpga.runs/impl_1/fpga_placed.dcp' has been generated.
Command: phys_opt_design
Attempting to get a license for feature 'Implementation' and/or device 'xc7vx690t'
INFO: [Common 17-349] Got license for feature 'Implementation' and/or device 'xc7vx690t'
INFO: [Common 17-86] Your Implementation license expires in 27 day(s)

Starting Initial Update Timing Task

Time (s): cpu = 00:00:03 ; elapsed = 00:00:00.75 . Memory (MB): peak = 3896.453 ; gain = 0.000 ; free physical = 25320 ; free virtual = 35217
INFO: [Vivado_Tcl 4-2279] Estimated Timing Summary | WNS= 0.421 | TNS= 0.000 | 
INFO: [Vivado_Tcl 4-383] Design worst setup slack (WNS) is greater than or equal to 0.000 ns. All physical synthesis setup optimizations will be skipped.
INFO: [Vivado_Tcl 4-232] No setup violation found. The netlist was not modified.
INFO: [Common 17-83] Releasing license: Implementation
163 Infos, 10 Warnings, 1 Critical Warnings and 0 Errors encountered.
phys_opt_design completed successfully
INFO: [Timing 38-480] Writing timing data to binary archive.
Write ShapeDB Complete: Time (s): cpu = 00:00:00.08 ; elapsed = 00:00:00.01 . Memory (MB): peak = 3896.453 ; gain = 0.000 ; free physical = 25315 ; free virtual = 35216
Wrote PlaceDB: Time (s): cpu = 00:00:00.88 ; elapsed = 00:00:00.36 . Memory (MB): peak = 3896.453 ; gain = 0.000 ; free physical = 25292 ; free virtual = 35214
Wrote PulsedLatchDB: Time (s): cpu = 00:00:00 ; elapsed = 00:00:00 . Memory (MB): peak = 3896.453 ; gain = 0.000 ; free physical = 25292 ; free virtual = 35214
Writing XDEF routing.
Writing XDEF routing logical nets.
Writing XDEF routing special nets.
Wrote RouteStorage: Time (s): cpu = 00:00:00.02 ; elapsed = 00:00:00.03 . Memory (MB): peak = 3896.453 ; gain = 0.000 ; free physical = 25284 ; free virtual = 35207
Wrote Netlist Cache: Time (s): cpu = 00:00:00.02 ; elapsed = 00:00:00.01 . Memory (MB): peak = 3896.453 ; gain = 0.000 ; free physical = 25276 ; free virtual = 35200
Wrote Device Cache: Time (s): cpu = 00:00:00 ; elapsed = 00:00:00.01 . Memory (MB): peak = 3896.453 ; gain = 0.000 ; free physical = 25276 ; free virtual = 35202
Write Physdb Complete: Time (s): cpu = 00:00:00.93 ; elapsed = 00:00:00.41 . Memory (MB): peak = 3896.453 ; gain = 0.000 ; free physical = 25276 ; free virtual = 35202
INFO: [Common 17-1381] The checkpoint '/home/sysadmin/NetFPGA-SUME/firmware/NetFPGA_SUME/fpga/fpga/fpga.runs/impl_1/fpga_physopt.dcp' has been generated.
Command: route_design
Attempting to get a license for feature 'Implementation' and/or device 'xc7vx690t'
INFO: [Common 17-349] Got license for feature 'Implementation' and/or device 'xc7vx690t'
INFO: [Common 17-86] Your Implementation license expires in 27 day(s)


Starting Routing Task
INFO: [Route 35-254] Multithreading enabled for route_design using a maximum of 16 CPUs

Phase 1 Build RT Design
Checksum: PlaceDB: 63b8e507 ConstDB: 0 ShapeSum: 340489f7 RouteDB: 3f19ac85
Post Restoration Checksum: NetGraph: b6e1906c | NumContArr: e41446 | Constraints: c2a8fa9d | Timing: c2a8fa9d
Phase 1 Build RT Design | Checksum: 23d1799ec

Time (s): cpu = 00:00:36 ; elapsed = 00:00:21 . Memory (MB): peak = 4105.457 ; gain = 209.004 ; free physical = 24848 ; free virtual = 34753

Phase 2 Router Initialization

Phase 2.1 Fix Topology Constraints
Phase 2.1 Fix Topology Constraints | Checksum: 23d1799ec

Time (s): cpu = 00:00:36 ; elapsed = 00:00:21 . Memory (MB): peak = 4105.457 ; gain = 209.004 ; free physical = 24848 ; free virtual = 34753

Phase 2.2 Pre Route Cleanup
Phase 2.2 Pre Route Cleanup | Checksum: 23d1799ec

Time (s): cpu = 00:00:36 ; elapsed = 00:00:21 . Memory (MB): peak = 4105.457 ; gain = 209.004 ; free physical = 24848 ; free virtual = 34753
 Number of Nodes with overlaps = 0

Phase 2.3 Update Timing
Phase 2.3 Update Timing | Checksum: 31498f25c

Time (s): cpu = 00:00:44 ; elapsed = 00:00:24 . Memory (MB): peak = 4430.973 ; gain = 534.520 ; free physical = 24519 ; free virtual = 34425
INFO: [Route 35-416] Intermediate Timing Summary | WNS=0.480  | TNS=0.000  | WHS=-0.378 | THS=-1694.445|


Phase 2.4 Update Timing for Bus Skew

Phase 2.4.1 Update Timing
Phase 2.4.1 Update Timing | Checksum: 2eae9a91b

Time (s): cpu = 00:00:49 ; elapsed = 00:00:25 . Memory (MB): peak = 4430.973 ; gain = 534.520 ; free physical = 24521 ; free virtual = 34426
INFO: [Route 35-416] Intermediate Timing Summary | WNS=0.480  | TNS=0.000  | WHS=-0.164 | THS=-14.934|

Phase 2.4 Update Timing for Bus Skew | Checksum: 26580e307

Time (s): cpu = 00:00:49 ; elapsed = 00:00:25 . Memory (MB): peak = 4430.973 ; gain = 534.520 ; free physical = 24520 ; free virtual = 34429

Router Utilization Summary
  Global Vertical Routing Utilization    = 0 %
  Global Horizontal Routing Utilization  = 0 %
  Routable Net Status*
  *Does not include unroutable nets such as driverless and loadless.
  Run report_route_status for detailed report.
  Number of Failed Nets               = 20155
    (Failed Nets is the sum of unrouted and partially routed nets)
  Number of Unrouted Nets             = 20155
  Number of Partially Routed Nets     = 0
  Number of Node Overlaps             = 0

Phase 2 Router Initialization | Checksum: 31496b441

Time (s): cpu = 00:00:51 ; elapsed = 00:00:25 . Memory (MB): peak = 4465.051 ; gain = 568.598 ; free physical = 24496 ; free virtual = 34405

Phase 3 Global Routing
Phase 3 Global Routing | Checksum: 31496b441

Time (s): cpu = 00:00:51 ; elapsed = 00:00:25 . Memory (MB): peak = 4465.051 ; gain = 568.598 ; free physical = 24496 ; free virtual = 34405

Phase 4 Initial Routing

Phase 4.1 Initial Net Routing Pass
Phase 4.1 Initial Net Routing Pass | Checksum: 24e529a21

Time (s): cpu = 00:00:54 ; elapsed = 00:00:26 . Memory (MB): peak = 4465.051 ; gain = 568.598 ; free physical = 24497 ; free virtual = 34406
Phase 4 Initial Routing | Checksum: 24e529a21

Time (s): cpu = 00:00:54 ; elapsed = 00:00:26 . Memory (MB): peak = 4465.051 ; gain = 568.598 ; free physical = 24497 ; free virtual = 34406

Phase 5 Rip-up And Reroute

Phase 5.1 Global Iteration 0
 Number of Nodes with overlaps = 1750
 Number of Nodes with overlaps = 168
 Number of Nodes with overlaps = 53
 Number of Nodes with overlaps = 21
 Number of Nodes with overlaps = 10
 Number of Nodes with overlaps = 5
 Number of Nodes with overlaps = 2
 Number of Nodes with overlaps = 0
INFO: [Route 35-416] Intermediate Timing Summary | WNS=0.368  | TNS=0.000  | WHS=N/A    | THS=N/A    |

Phase 5.1 Global Iteration 0 | Checksum: 2b5093428

Time (s): cpu = 00:01:02 ; elapsed = 00:00:29 . Memory (MB): peak = 4465.051 ; gain = 568.598 ; free physical = 24492 ; free virtual = 34401
Phase 5 Rip-up And Reroute | Checksum: 2b5093428

Time (s): cpu = 00:01:02 ; elapsed = 00:00:29 . Memory (MB): peak = 4465.051 ; gain = 568.598 ; free physical = 24492 ; free virtual = 34401

Phase 6 Delay and Skew Optimization

Phase 6.1 Delay CleanUp
Phase 6.1 Delay CleanUp | Checksum: 2b5093428

Time (s): cpu = 00:01:02 ; elapsed = 00:00:29 . Memory (MB): peak = 4465.051 ; gain = 568.598 ; free physical = 24492 ; free virtual = 34401

Phase 6.2 Clock Skew Optimization
Phase 6.2 Clock Skew Optimization | Checksum: 2b5093428

Time (s): cpu = 00:01:02 ; elapsed = 00:00:29 . Memory (MB): peak = 4465.051 ; gain = 568.598 ; free physical = 24492 ; free virtual = 34401
Phase 6 Delay and Skew Optimization | Checksum: 2b5093428

Time (s): cpu = 00:01:02 ; elapsed = 00:00:29 . Memory (MB): peak = 4465.051 ; gain = 568.598 ; free physical = 24492 ; free virtual = 34401

Phase 7 Post Hold Fix

Phase 7.1 Hold Fix Iter
INFO: [Route 35-416] Intermediate Timing Summary | WNS=0.396  | TNS=0.000  | WHS=0.046  | THS=0.000  |

Phase 7.1 Hold Fix Iter | Checksum: 34fe3cd54

Time (s): cpu = 00:01:04 ; elapsed = 00:00:29 . Memory (MB): peak = 4465.051 ; gain = 568.598 ; free physical = 24492 ; free virtual = 34401
Phase 7 Post Hold Fix | Checksum: 34fe3cd54

Time (s): cpu = 00:01:04 ; elapsed = 00:00:29 . Memory (MB): peak = 4465.051 ; gain = 568.598 ; free physical = 24492 ; free virtual = 34401

Phase 8 Route finalize

Router Utilization Summary
  Global Vertical Routing Utilization    = 0.421045 %
  Global Horizontal Routing Utilization  = 0.524045 %
  Routable Net Status*
  *Does not include unroutable nets such as driverless and loadless.
  Run report_route_status for detailed report.
  Number of Failed Nets               = 0
    (Failed Nets is the sum of unrouted and partially routed nets)
  Number of Unrouted Nets             = 0
  Number of Partially Routed Nets     = 0
  Number of Node Overlaps             = 0

Phase 8 Route finalize | Checksum: 34fe3cd54

Time (s): cpu = 00:01:04 ; elapsed = 00:00:29 . Memory (MB): peak = 4465.051 ; gain = 568.598 ; free physical = 24492 ; free virtual = 34401

Phase 9 Verifying routed nets

 Verification completed successfully
Phase 9 Verifying routed nets | Checksum: 34fe3cd54

Time (s): cpu = 00:01:04 ; elapsed = 00:00:29 . Memory (MB): peak = 4465.051 ; gain = 568.598 ; free physical = 24492 ; free virtual = 34401

Phase 10 Depositing Routes
INFO: [Route 35-467] Router swapped GT pin sfp_1_pcs_pma_inst/inst/ten_gig_eth_pcs_pma_gt_common_block/gthe2_common_0_i/GTREFCLK0 to physical pin GTHE2_COMMON_X1Y9/GTNORTHREFCLK0
Phase 10 Depositing Routes | Checksum: 3337728f4

Time (s): cpu = 00:01:05 ; elapsed = 00:00:30 . Memory (MB): peak = 4465.051 ; gain = 568.598 ; free physical = 24492 ; free virtual = 34401

Phase 11 Post Process Routing
Phase 11 Post Process Routing | Checksum: 3337728f4

Time (s): cpu = 00:01:05 ; elapsed = 00:00:30 . Memory (MB): peak = 4465.051 ; gain = 568.598 ; free physical = 24492 ; free virtual = 34401

Phase 12 Post Router Timing
INFO: [Route 35-57] Estimated Timing Summary | WNS=0.396  | TNS=0.000  | WHS=0.046  | THS=0.000  |

INFO: [Route 35-327] The final timing numbers are based on the router estimated timing analysis. For a complete and accurate timing signoff, please run report_timing_summary.
Phase 12 Post Router Timing | Checksum: 3337728f4

Time (s): cpu = 00:01:05 ; elapsed = 00:00:30 . Memory (MB): peak = 4465.051 ; gain = 568.598 ; free physical = 24492 ; free virtual = 34401
Total Elapsed time in route_design: 29.72 secs

Phase 13 Post-Route Event Processing
Phase 13 Post-Route Event Processing | Checksum: d1c9b5cd

Time (s): cpu = 00:01:05 ; elapsed = 00:00:30 . Memory (MB): peak = 4465.051 ; gain = 568.598 ; free physical = 24492 ; free virtual = 34401
INFO: [Route 35-16] Router Completed Successfully
Ending Routing Task | Checksum: d1c9b5cd

Time (s): cpu = 00:01:05 ; elapsed = 00:00:30 . Memory (MB): peak = 4465.051 ; gain = 568.598 ; free physical = 24492 ; free virtual = 34401

Routing Is Done.
INFO: [Common 17-83] Releasing license: Implementation
177 Infos, 10 Warnings, 1 Critical Warnings and 0 Errors encountered.
route_design completed successfully
route_design: Time (s): cpu = 00:01:05 ; elapsed = 00:00:30 . Memory (MB): peak = 4465.051 ; gain = 568.598 ; free physical = 24492 ; free virtual = 34401
INFO: [Vivado 12-24828] Executing command : report_drc -file fpga_drc_routed.rpt -pb fpga_drc_routed.pb -rpx fpga_drc_routed.rpx
Command: report_drc -file fpga_drc_routed.rpt -pb fpga_drc_routed.pb -rpx fpga_drc_routed.rpx
INFO: [IP_Flow 19-1839] IP Catalog is up to date.
INFO: [DRC 23-27] Running DRC with 16 threads
INFO: [Vivado_Tcl 2-168] The results of DRC are in file /home/sysadmin/NetFPGA-SUME/firmware/NetFPGA_SUME/fpga/fpga/fpga.runs/impl_1/fpga_drc_routed.rpt.
report_drc completed successfully
INFO: [Vivado 12-24828] Executing command : report_methodology -file fpga_methodology_drc_routed.rpt -pb fpga_methodology_drc_routed.pb -rpx fpga_methodology_drc_routed.rpx
Command: report_methodology -file fpga_methodology_drc_routed.rpt -pb fpga_methodology_drc_routed.pb -rpx fpga_methodology_drc_routed.rpx
INFO: [Constraints 18-632] set_output_delay: No clock object specified, the clocks will be automatically identified [/home/sysadmin/NetFPGA-SUME/firmware/NetFPGA_SUME/fpga/fpga.xdc:44]
INFO: [Constraints 18-632] set_input_delay: No clock object specified, the clocks will be automatically identified [/home/sysadmin/NetFPGA-SUME/firmware/NetFPGA_SUME/fpga/fpga.xdc:51]
INFO: [Constraints 18-632] set_output_delay: No clock object specified, the clocks will be automatically identified [/home/sysadmin/NetFPGA-SUME/firmware/NetFPGA_SUME/fpga/fpga.xdc:105]
INFO: [Constraints 18-632] set_input_delay: No clock object specified, the clocks will be automatically identified [/home/sysadmin/NetFPGA-SUME/firmware/NetFPGA_SUME/fpga/fpga.xdc:109]
INFO: [Constraints 18-632] set_output_delay: No clock object specified, the clocks will be automatically identified [/home/sysadmin/NetFPGA-SUME/firmware/NetFPGA_SUME/fpga/fpga.xdc:111]
INFO: [Constraints 18-632] set_input_delay: No clock object specified, the clocks will be automatically identified [/home/sysadmin/NetFPGA-SUME/firmware/NetFPGA_SUME/fpga/fpga.xdc:113]
INFO: [Constraints 18-632] set_output_delay: No clock object specified, the clocks will be automatically identified [/home/sysadmin/NetFPGA-SUME/firmware/NetFPGA_SUME/fpga/fpga.xdc:115]
INFO: [Constraints 18-632] set_input_delay: No clock object specified, the clocks will be automatically identified [/home/sysadmin/NetFPGA-SUME/firmware/NetFPGA_SUME/fpga/fpga.xdc:117]
INFO: [Constraints 18-632] set_output_delay: No clock object specified, the clocks will be automatically identified [/home/sysadmin/NetFPGA-SUME/firmware/NetFPGA_SUME/fpga/fpga.xdc:125]
INFO: [Constraints 18-632] set_input_delay: No clock object specified, the clocks will be automatically identified [/home/sysadmin/NetFPGA-SUME/firmware/NetFPGA_SUME/fpga/fpga.xdc:127]
INFO: [Timing 38-35] Done setting XDC timing constraints.
INFO: [DRC 23-133] Running Methodology with 16 threads
INFO: [Vivado_Tcl 2-1520] The results of Report Methodology are in file /home/sysadmin/NetFPGA-SUME/firmware/NetFPGA_SUME/fpga/fpga/fpga.runs/impl_1/fpga_methodology_drc_routed.rpt.
report_methodology completed successfully
INFO: [Vivado 12-24828] Executing command : report_timing_summary -max_paths 10 -report_unconstrained -file fpga_timing_summary_routed.rpt -pb fpga_timing_summary_routed.pb -rpx fpga_timing_summary_routed.rpx -warn_on_violation 
INFO: [Constraints 18-632] set_output_delay: No clock object specified, the clocks will be automatically identified [/home/sysadmin/NetFPGA-SUME/firmware/NetFPGA_SUME/fpga/fpga.xdc:44]
INFO: [Constraints 18-632] set_input_delay: No clock object specified, the clocks will be automatically identified [/home/sysadmin/NetFPGA-SUME/firmware/NetFPGA_SUME/fpga/fpga.xdc:51]
INFO: [Constraints 18-632] set_output_delay: No clock object specified, the clocks will be automatically identified [/home/sysadmin/NetFPGA-SUME/firmware/NetFPGA_SUME/fpga/fpga.xdc:105]
INFO: [Constraints 18-632] set_input_delay: No clock object specified, the clocks will be automatically identified [/home/sysadmin/NetFPGA-SUME/firmware/NetFPGA_SUME/fpga/fpga.xdc:109]
INFO: [Constraints 18-632] set_output_delay: No clock object specified, the clocks will be automatically identified [/home/sysadmin/NetFPGA-SUME/firmware/NetFPGA_SUME/fpga/fpga.xdc:111]
INFO: [Constraints 18-632] set_input_delay: No clock object specified, the clocks will be automatically identified [/home/sysadmin/NetFPGA-SUME/firmware/NetFPGA_SUME/fpga/fpga.xdc:113]
INFO: [Constraints 18-632] set_output_delay: No clock object specified, the clocks will be automatically identified [/home/sysadmin/NetFPGA-SUME/firmware/NetFPGA_SUME/fpga/fpga.xdc:115]
INFO: [Constraints 18-632] set_input_delay: No clock object specified, the clocks will be automatically identified [/home/sysadmin/NetFPGA-SUME/firmware/NetFPGA_SUME/fpga/fpga.xdc:117]
INFO: [Constraints 18-632] set_output_delay: No clock object specified, the clocks will be automatically identified [/home/sysadmin/NetFPGA-SUME/firmware/NetFPGA_SUME/fpga/fpga.xdc:125]
INFO: [Constraints 18-632] set_input_delay: No clock object specified, the clocks will be automatically identified [/home/sysadmin/NetFPGA-SUME/firmware/NetFPGA_SUME/fpga/fpga.xdc:127]
INFO: [Timing 38-35] Done setting XDC timing constraints.
INFO: [Timing 38-91] UpdateTimingParams: Speed grade: -3, Delay Type: min_max.
INFO: [Timing 38-191] Multithreading enabled for timing update using a maximum of 16 CPUs
WARNING: [Timing 38-436] There are set_bus_skew constraint(s) in this design. Please run report_bus_skew to ensure that bus skew requirements are met.
INFO: [Vivado 12-24838] Running report commands "report_bus_skew, report_incremental_reuse, report_route_status" in parallel.
Running report generation with 3 threads.
INFO: [Vivado 12-24828] Executing command : report_incremental_reuse -file fpga_incremental_reuse_routed.rpt
INFO: [Vivado_Tcl 4-1062] Incremental flow is disabled. No incremental reuse Info to report.
INFO: [Vivado 12-24828] Executing command : report_bus_skew -warn_on_violation -file fpga_bus_skew_routed.rpt -pb fpga_bus_skew_routed.pb -rpx fpga_bus_skew_routed.rpx
INFO: [Timing 38-91] UpdateTimingParams: Speed grade: -3, Delay Type: min_max.
INFO: [Timing 38-191] Multithreading enabled for timing update using a maximum of 16 CPUs
INFO: [Vivado 12-24828] Executing command : report_route_status -file fpga_route_status.rpt -pb fpga_route_status.pb
INFO: [Vivado 12-24828] Executing command : report_power -file fpga_power_routed.rpt -pb fpga_power_summary_routed.pb -rpx fpga_power_routed.rpx
Command: report_power -file fpga_power_routed.rpt -pb fpga_power_summary_routed.pb -rpx fpga_power_routed.rpx
Running Vector-less Activity Propagation...

Finished Running Vector-less Activity Propagation
WARNING: [Power 33-332] Found switching activity that implies high-fanout reset nets being asserted for excessive periods of time which may result in inaccurate power analysis.
Resolution: To review and fix problems, please run Power Constraints Advisor in the GUI from Tools > Power Constraints Advisor or run report_power with the -advisory option to generate a text report.
217 Infos, 12 Warnings, 1 Critical Warnings and 0 Errors encountered.
report_power completed successfully
INFO: [Vivado 12-24828] Executing command : report_clock_utilization -file fpga_clock_utilization_routed.rpt
generate_parallel_reports: Time (s): cpu = 00:00:28 ; elapsed = 00:00:07 . Memory (MB): peak = 4585.109 ; gain = 120.059 ; free physical = 24473 ; free virtual = 34401
INFO: [Timing 38-480] Writing timing data to binary archive.
Write ShapeDB Complete: Time (s): cpu = 00:00:00.08 ; elapsed = 00:00:00.02 . Memory (MB): peak = 4585.109 ; gain = 0.000 ; free physical = 24471 ; free virtual = 34403
Wrote PlaceDB: Time (s): cpu = 00:00:00.86 ; elapsed = 00:00:00.36 . Memory (MB): peak = 4585.109 ; gain = 0.000 ; free physical = 24439 ; free virtual = 34393
Wrote PulsedLatchDB: Time (s): cpu = 00:00:00 ; elapsed = 00:00:00 . Memory (MB): peak = 4585.109 ; gain = 0.000 ; free physical = 24439 ; free virtual = 34393
Writing XDEF routing.
Writing XDEF routing logical nets.
Writing XDEF routing special nets.
Wrote RouteStorage: Time (s): cpu = 00:00:00.11 ; elapsed = 00:00:00.07 . Memory (MB): peak = 4585.109 ; gain = 0.000 ; free physical = 24438 ; free virtual = 34394
Wrote Netlist Cache: Time (s): cpu = 00:00:00.01 ; elapsed = 00:00:00.01 . Memory (MB): peak = 4585.109 ; gain = 0.000 ; free physical = 24438 ; free virtual = 34396
Wrote Device Cache: Time (s): cpu = 00:00:00.01 ; elapsed = 00:00:00.01 . Memory (MB): peak = 4585.109 ; gain = 0.000 ; free physical = 24438 ; free virtual = 34397
Write Physdb Complete: Time (s): cpu = 00:00:00.99 ; elapsed = 00:00:00.45 . Memory (MB): peak = 4585.109 ; gain = 0.000 ; free physical = 24438 ; free virtual = 34397
INFO: [Common 17-1381] The checkpoint '/home/sysadmin/NetFPGA-SUME/firmware/NetFPGA_SUME/fpga/fpga/fpga.runs/impl_1/fpga_routed.dcp' has been generated.
INFO: [Common 17-206] Exiting Vivado at Mon Oct 13 22:11:06 2025...
[Mon Oct 13 22:11:22 2025] impl_1 finished
wait_on_runs: Time (s): cpu = 00:00:00.45 ; elapsed = 00:01:40 . Memory (MB): peak = 1477.414 ; gain = 0.000 ; free physical = 27691 ; free virtual = 37628
# open_run impl_1
INFO: [Device 21-403] Loading part xc7vx690tffg1761-3
Netlist sorting complete. Time (s): cpu = 00:00:00.07 ; elapsed = 00:00:00.08 . Memory (MB): peak = 1808.633 ; gain = 0.000 ; free physical = 27335 ; free virtual = 37271
INFO: [Netlist 29-17] Analyzing 574 Unisim elements for replacement
INFO: [Netlist 29-28] Unisim Transformation completed in 0 CPU seconds
INFO: [Project 1-479] Netlist was created with Vivado 2024.2
INFO: [Project 1-570] Preparing netlist for logic optimization
Read ShapeDB Complete: Time (s): cpu = 00:00:00.01 ; elapsed = 00:00:00.02 . Memory (MB): peak = 1925.133 ; gain = 5.000 ; free physical = 27210 ; free virtual = 37147
INFO: [Timing 38-478] Restoring timing data from binary archive.
INFO: [Timing 38-479] Binary timing data restore complete.
INFO: [Project 1-856] Restoring constraints from binary archive.
INFO: [Project 1-853] Binary constraint restore complete.
INFO: [Designutils 20-5722] Start Reading Physical Databases.
Reading placement.
Read Netlist Cache: Time (s): cpu = 00:00:00 ; elapsed = 00:00:00 . Memory (MB): peak = 2810.773 ; gain = 0.000 ; free physical = 26461 ; free virtual = 36397
Reading placer database...
Read Device Cache: Time (s): cpu = 00:00:00.01 ; elapsed = 00:00:00.01 . Memory (MB): peak = 2810.773 ; gain = 0.000 ; free physical = 26454 ; free virtual = 36390
Read PlaceDB: Time (s): cpu = 00:00:00.27 ; elapsed = 00:00:00.27 . Memory (MB): peak = 2818.734 ; gain = 7.961 ; free physical = 26438 ; free virtual = 36375
Read PulsedLatchDB: Time (s): cpu = 00:00:00 ; elapsed = 00:00:00 . Memory (MB): peak = 2818.734 ; gain = 0.000 ; free physical = 26438 ; free virtual = 36375
Reading routing.
Read RouteStorage: Time (s): cpu = 00:00:00.2 ; elapsed = 00:00:00.05 . Memory (MB): peak = 2831.281 ; gain = 12.547 ; free physical = 26423 ; free virtual = 36359
Read Physdb Files: Time (s): cpu = 00:00:00.48 ; elapsed = 00:00:00.33 . Memory (MB): peak = 2831.281 ; gain = 20.508 ; free physical = 26423 ; free virtual = 36359
Restored from archive | CPU: 0.510000 secs | Memory: 26.815834 MB |
Finished XDEF File Restore: Time (s): cpu = 00:00:00.5 ; elapsed = 00:00:00.35 . Memory (MB): peak = 2831.281 ; gain = 26.445 ; free physical = 26423 ; free virtual = 36359
Netlist sorting complete. Time (s): cpu = 00:00:00 ; elapsed = 00:00:00 . Memory (MB): peak = 2831.281 ; gain = 0.000 ; free physical = 26423 ; free virtual = 36359
INFO: [Project 1-111] Unisim Transformation Summary:
  A total of 81 instances were transformed.
  IOBUF => IOBUF (IBUF, OBUFT): 2 instances
  RAM128X1D => RAM128X1D (MUXF7(x2), RAMD64E(x4)): 4 instances
  RAM32M => RAM32M (RAMD32(x6), RAMS32(x2)): 73 instances
  RAM32X1D => RAM32X1D (RAMD32(x2)): 2 instances

open_run: Time (s): cpu = 00:00:10 ; elapsed = 00:00:10 . Memory (MB): peak = 2831.281 ; gain = 1353.867 ; free physical = 26423 ; free virtual = 36359
# report_utilization -file fpga_utilization.rpt
# report_utilization -hierarchical -file fpga_utilization_hierarchical.rpt
INFO: [Common 17-206] Exiting Vivado at Mon Oct 13 22:11:33 2025...
