Copyright 1986-2022 Xilinx, Inc. All Rights Reserved. Copyright 2022-2024 Advanced Micro Devices, Inc. All Rights Reserved.
---------------------------------------------------------------------------------------------------------------------------------------------
| Tool Version : Vivado v.2024.2 (lin64) Build 5239630 Fri Nov 08 22:34:34 MST 2024
| Date         : Fri Jan 23 17:24:52 2026
| Host         : design-lab running 64-bit Ubuntu 24.04.3 LTS
| Command      : report_bus_skew -warn_on_violation -file fpga_bus_skew_routed.rpt -pb fpga_bus_skew_routed.pb -rpx fpga_bus_skew_routed.rpx
| Design       : fpga
| Device       : 7vx690t-ffg1761
| Speed File   : -3  PRODUCTION 1.11 2014-09-11
| Design State : Routed
---------------------------------------------------------------------------------------------------------------------------------------------

Bus Skew Report

Table of Contents
-----------------
1. Bus Skew Report Summary
2. Bus Skew Report Per Constraint

1. Bus Skew Report Summary
--------------------------

Id  Position  From                            To                              Corner  Requirement(ns)  Actual(ns)  Slack(ns)
--  --------  ------------------------------  ------------------------------  ------  ---------------  ----------  ---------
1   176       [get_cells {{core_inst/eth_mac_10g_fifo_inst/rx_fifo/fifo_inst/rd_ptr_reg_reg[*]} {core_inst/eth_mac_10g_fifo_inst/rx_fifo/fifo_inst/rd_ptr_gray_reg_reg[*]}}]
                                              [get_cells {core_inst/eth_mac_10g_fifo_inst/rx_fifo/fifo_inst/rd_ptr_gray_sync1_reg_reg[*]}]
                                                                              Slow              6.400       0.422      5.978
2   178       [get_cells -quiet {core_inst/eth_mac_10g_fifo_inst/rx_fifo/fifo_inst/wr_ptr_sync_commit_reg_reg[*]}]
                                              [get_cells {core_inst/eth_mac_10g_fifo_inst/rx_fifo/fifo_inst/wr_ptr_commit_sync_reg_reg[*]}]
                                                                              Slow              6.400       0.461      5.939
3   182       [get_cells {{core_inst/eth_mac_10g_fifo_inst/tx_fifo/fifo_inst/rd_ptr_reg_reg[*]} {core_inst/eth_mac_10g_fifo_inst/tx_fifo/fifo_inst/rd_ptr_gray_reg_reg[*]}}]
                                              [get_cells {core_inst/eth_mac_10g_fifo_inst/tx_fifo/fifo_inst/rd_ptr_gray_sync1_reg_reg[*]}]
                                                                              Slow              6.400       0.500      5.900
4   184       [get_cells -quiet {core_inst/eth_mac_10g_fifo_inst/tx_fifo/fifo_inst/wr_ptr_sync_commit_reg_reg[*]}]
                                              [get_cells {core_inst/eth_mac_10g_fifo_inst/tx_fifo/fifo_inst/wr_ptr_commit_sync_reg_reg[*]}]
                                                                              Slow              6.400       0.629      5.771


2. Bus Skew Report Per Constraint
---------------------------------

Id: 1
set_bus_skew -from [get_cells {{core_inst/eth_mac_10g_fifo_inst/rx_fifo/fifo_inst/rd_ptr_reg_reg[*]} {core_inst/eth_mac_10g_fifo_inst/rx_fifo/fifo_inst/rd_ptr_gray_reg_reg[*]}}] -to [get_cells {core_inst/eth_mac_10g_fifo_inst/rx_fifo/fifo_inst/rd_ptr_gray_sync1_reg_reg[*]}] 6.400
Requirement: 6.400ns
Endpoints: 14

From Clock            To Clock              Endpoint Pin                    Reference Pin                   Corner  Actual(ns)  Slack(ns)
--------------------  --------------------  ------------------------------  ------------------------------  ------  ----------  ---------
sfp_mgt_refclk_p      sfp_mgt_refclk_p      core_inst/eth_mac_10g_fifo_inst/rx_fifo/fifo_inst/rd_ptr_gray_sync1_reg_reg[9]/D
                                                                            core_inst/eth_mac_10g_fifo_inst/rx_fifo/fifo_inst/rd_ptr_gray_sync1_reg_reg[4]/D
                                                                                                            Slow         0.422      5.978


Slack (MET) :             5.978ns  (requirement - actual skew)
  Endpoint Source:        core_inst/eth_mac_10g_fifo_inst/rx_fifo/fifo_inst/rd_ptr_gray_reg_reg[9]/C
                            (rising edge-triggered cell FDRE clocked by sfp_mgt_refclk_p)
  Endpoint Destination:   core_inst/eth_mac_10g_fifo_inst/rx_fifo/fifo_inst/rd_ptr_gray_sync1_reg_reg[9]/D
                            (rising edge-triggered cell FDRE clocked by sfp_mgt_refclk_p)
  Reference Source:       core_inst/eth_mac_10g_fifo_inst/rx_fifo/fifo_inst/rd_ptr_gray_reg_reg[4]/C
                            (rising edge-triggered cell FDRE clocked by sfp_mgt_refclk_p)
  Reference Destination:  core_inst/eth_mac_10g_fifo_inst/rx_fifo/fifo_inst/rd_ptr_gray_sync1_reg_reg[4]/D
                            (rising edge-triggered cell FDRE clocked by sfp_mgt_refclk_p)
  Path Type:              Bus Skew (Max at Slow Process Corner)
  Requirement:            6.400ns
  Endpoint Relative Delay:    0.700ns
  Reference Relative Delay:   0.278ns
  Relative CRPR:              0.000ns
  Actual Bus Skew:            0.422ns  (Endpoint Relative Delay - Reference Relative Delay - Relative CRPR)

Endpoint path:
    Location             Delay type                Incr(ns)  Path(ns)    Netlist Resource(s)
  -------------------------------------------------------------------    -------------------
                         (clock sfp_mgt_refclk_p rise edge)
                                                      0.000     0.000 r  
    E10                                               0.000     0.000 r  sfp_mgt_refclk_p (IN)
                         net (fo=0)                   0.000     0.000    sfp_1_pcs_pma_inst/inst/ten_gig_eth_pcs_pma_shared_clock_reset_block/refclk_p
    E10                  IBUF (Prop_ibuf_I_O)         0.000     0.000 r  sfp_1_pcs_pma_inst/inst/ten_gig_eth_pcs_pma_shared_clock_reset_block/refclk_p_buf/O
                         net (fo=1, routed)           0.000     0.000    sfp_1_pcs_pma_inst/inst/ten_gig_eth_pcs_pma_shared_clock_reset_block/refclk_p_buffed
    IBUFDS_GTE2_X1Y16    IBUFDS_GTE2 (Prop_ibufds_gte2_I_O)
                                                      2.135     2.135 r  sfp_1_pcs_pma_inst/inst/ten_gig_eth_pcs_pma_shared_clock_reset_block/ibufds_inst/O
                         net (fo=2, routed)           2.255     4.390    sfp_1_pcs_pma_inst/inst/ten_gig_eth_pcs_pma_shared_clock_reset_block/refclk
    BUFGCTRL_X0Y18       BUFG (Prop_bufg_I_O)         0.080     4.470 r  sfp_1_pcs_pma_inst/inst/ten_gig_eth_pcs_pma_shared_clock_reset_block/coreclk_bufg_inst/O
                         net (fo=9868, routed)        1.869     6.339    core_inst/eth_mac_10g_fifo_inst/rx_fifo/fifo_inst/coreclk_out
    SLICE_X168Y465       FDRE                                         r  core_inst/eth_mac_10g_fifo_inst/rx_fifo/fifo_inst/rd_ptr_gray_reg_reg[9]/C
  -------------------------------------------------------------------    -------------------
    SLICE_X168Y465       FDRE (Prop_fdre_C_Q)         0.232     6.571 r  core_inst/eth_mac_10g_fifo_inst/rx_fifo/fifo_inst/rd_ptr_gray_reg_reg[9]/Q
                         net (fo=1, routed)           0.332     6.903    core_inst/eth_mac_10g_fifo_inst/rx_fifo/fifo_inst/rd_ptr_gray_reg_reg_n_0_[9]
    SLICE_X165Y466       FDRE                                         r  core_inst/eth_mac_10g_fifo_inst/rx_fifo/fifo_inst/rd_ptr_gray_sync1_reg_reg[9]/D
  -------------------------------------------------------------------    -------------------

                         (clock sfp_mgt_refclk_p rise edge)
                                                      0.000     0.000 r  
    E10                                               0.000     0.000 r  sfp_mgt_refclk_p (IN)
                         net (fo=0)                   0.000     0.000    sfp_1_pcs_pma_inst/inst/ten_gig_eth_pcs_pma_shared_clock_reset_block/refclk_p
    E10                  IBUF (Prop_ibuf_I_O)         0.000     0.000 r  sfp_1_pcs_pma_inst/inst/ten_gig_eth_pcs_pma_shared_clock_reset_block/refclk_p_buf/O
                         net (fo=1, routed)           0.000     0.000    sfp_1_pcs_pma_inst/inst/ten_gig_eth_pcs_pma_shared_clock_reset_block/refclk_p_buffed
    IBUFDS_GTE2_X1Y16    IBUFDS_GTE2 (Prop_ibufds_gte2_I_O)
                                                      1.285     1.285 r  sfp_1_pcs_pma_inst/inst/ten_gig_eth_pcs_pma_shared_clock_reset_block/ibufds_inst/O
                         net (fo=2, routed)           2.079     3.364    sfp_1_pcs_pma_inst/inst/ten_gig_eth_pcs_pma_shared_clock_reset_block/refclk
    BUFGCTRL_X0Y18       BUFG (Prop_bufg_I_O)         0.072     3.436 r  sfp_1_pcs_pma_inst/inst/ten_gig_eth_pcs_pma_shared_clock_reset_block/coreclk_bufg_inst/O
                         net (fo=9868, routed)        1.446     4.882    core_inst/eth_mac_10g_fifo_inst/rx_fifo/fifo_inst/coreclk_out
    SLICE_X165Y466       FDRE                                         r  core_inst/eth_mac_10g_fifo_inst/rx_fifo/fifo_inst/rd_ptr_gray_sync1_reg_reg[9]/C
                         clock pessimism              1.407     6.289    
    SLICE_X165Y466       FDRE (Setup_fdre_C_D)       -0.086     6.203    core_inst/eth_mac_10g_fifo_inst/rx_fifo/fifo_inst/rd_ptr_gray_sync1_reg_reg[9]
  -------------------------------------------------------------------
                         data arrival                           6.903    
                         clock arrival                          6.203    
  -------------------------------------------------------------------
                         relative delay                         0.700    

Reference path:
    Location             Delay type                Incr(ns)  Path(ns)    Netlist Resource(s)
  -------------------------------------------------------------------    -------------------
                         (clock sfp_mgt_refclk_p rise edge)
                                                      0.000     0.000 r  
    E10                                               0.000     0.000 r  sfp_mgt_refclk_p (IN)
                         net (fo=0)                   0.000     0.000    sfp_1_pcs_pma_inst/inst/ten_gig_eth_pcs_pma_shared_clock_reset_block/refclk_p
    E10                  IBUF (Prop_ibuf_I_O)         0.000     0.000 r  sfp_1_pcs_pma_inst/inst/ten_gig_eth_pcs_pma_shared_clock_reset_block/refclk_p_buf/O
                         net (fo=1, routed)           0.000     0.000    sfp_1_pcs_pma_inst/inst/ten_gig_eth_pcs_pma_shared_clock_reset_block/refclk_p_buffed
    IBUFDS_GTE2_X1Y16    IBUFDS_GTE2 (Prop_ibufds_gte2_I_O)
                                                      1.285     1.285 r  sfp_1_pcs_pma_inst/inst/ten_gig_eth_pcs_pma_shared_clock_reset_block/ibufds_inst/O
                         net (fo=2, routed)           2.079     3.364    sfp_1_pcs_pma_inst/inst/ten_gig_eth_pcs_pma_shared_clock_reset_block/refclk
    BUFGCTRL_X0Y18       BUFG (Prop_bufg_I_O)         0.072     3.436 r  sfp_1_pcs_pma_inst/inst/ten_gig_eth_pcs_pma_shared_clock_reset_block/coreclk_bufg_inst/O
                         net (fo=9868, routed)        1.449     4.885    core_inst/eth_mac_10g_fifo_inst/rx_fifo/fifo_inst/coreclk_out
    SLICE_X165Y463       FDRE                                         r  core_inst/eth_mac_10g_fifo_inst/rx_fifo/fifo_inst/rd_ptr_gray_reg_reg[4]/C
  -------------------------------------------------------------------    -------------------
    SLICE_X165Y463       FDRE (Prop_fdre_C_Q)         0.158     5.043 r  core_inst/eth_mac_10g_fifo_inst/rx_fifo/fifo_inst/rd_ptr_gray_reg_reg[4]/Q
                         net (fo=1, routed)           0.221     5.264    core_inst/eth_mac_10g_fifo_inst/rx_fifo/fifo_inst/rd_ptr_gray_reg_reg_n_0_[4]
    SLICE_X164Y463       FDRE                                         r  core_inst/eth_mac_10g_fifo_inst/rx_fifo/fifo_inst/rd_ptr_gray_sync1_reg_reg[4]/D
  -------------------------------------------------------------------    -------------------

                         (clock sfp_mgt_refclk_p rise edge)
                                                      0.000     0.000 r  
    E10                                               0.000     0.000 r  sfp_mgt_refclk_p (IN)
                         net (fo=0)                   0.000     0.000    sfp_1_pcs_pma_inst/inst/ten_gig_eth_pcs_pma_shared_clock_reset_block/refclk_p
    E10                  IBUF (Prop_ibuf_I_O)         0.000     0.000 r  sfp_1_pcs_pma_inst/inst/ten_gig_eth_pcs_pma_shared_clock_reset_block/refclk_p_buf/O
                         net (fo=1, routed)           0.000     0.000    sfp_1_pcs_pma_inst/inst/ten_gig_eth_pcs_pma_shared_clock_reset_block/refclk_p_buffed
    IBUFDS_GTE2_X1Y16    IBUFDS_GTE2 (Prop_ibufds_gte2_I_O)
                                                      2.135     2.135 r  sfp_1_pcs_pma_inst/inst/ten_gig_eth_pcs_pma_shared_clock_reset_block/ibufds_inst/O
                         net (fo=2, routed)           2.255     4.390    sfp_1_pcs_pma_inst/inst/ten_gig_eth_pcs_pma_shared_clock_reset_block/refclk
    BUFGCTRL_X0Y18       BUFG (Prop_bufg_I_O)         0.080     4.470 r  sfp_1_pcs_pma_inst/inst/ten_gig_eth_pcs_pma_shared_clock_reset_block/coreclk_bufg_inst/O
                         net (fo=9868, routed)        1.870     6.340    core_inst/eth_mac_10g_fifo_inst/rx_fifo/fifo_inst/coreclk_out
    SLICE_X164Y463       FDRE                                         r  core_inst/eth_mac_10g_fifo_inst/rx_fifo/fifo_inst/rd_ptr_gray_sync1_reg_reg[4]/C
                         clock pessimism             -1.436     4.904    
    SLICE_X164Y463       FDRE (Hold_fdre_C_D)         0.082     4.986    core_inst/eth_mac_10g_fifo_inst/rx_fifo/fifo_inst/rd_ptr_gray_sync1_reg_reg[4]
  -------------------------------------------------------------------
                         data arrival                           5.264    
                         clock arrival                          4.986    
  -------------------------------------------------------------------
                         relative delay                         0.278    



Id: 2
set_bus_skew -from [get_cells -quiet {core_inst/eth_mac_10g_fifo_inst/rx_fifo/fifo_inst/wr_ptr_sync_commit_reg_reg[*]}] -to [get_cells {core_inst/eth_mac_10g_fifo_inst/rx_fifo/fifo_inst/wr_ptr_commit_sync_reg_reg[*]}] 6.400
Requirement: 6.400ns
Endpoints: 14

From Clock            To Clock              Endpoint Pin                    Reference Pin                   Corner  Actual(ns)  Slack(ns)
--------------------  --------------------  ------------------------------  ------------------------------  ------  ----------  ---------
sfp_mgt_refclk_p      sfp_mgt_refclk_p      core_inst/eth_mac_10g_fifo_inst/rx_fifo/fifo_inst/wr_ptr_commit_sync_reg_reg[12]/D
                                                                            core_inst/eth_mac_10g_fifo_inst/rx_fifo/fifo_inst/wr_ptr_commit_sync_reg_reg[10]/D
                                                                                                            Slow         0.461      5.939


Slack (MET) :             5.939ns  (requirement - actual skew)
  Endpoint Source:        core_inst/eth_mac_10g_fifo_inst/rx_fifo/fifo_inst/wr_ptr_sync_commit_reg_reg[12]/C
                            (rising edge-triggered cell FDRE clocked by sfp_mgt_refclk_p)
  Endpoint Destination:   core_inst/eth_mac_10g_fifo_inst/rx_fifo/fifo_inst/wr_ptr_commit_sync_reg_reg[12]/D
                            (rising edge-triggered cell FDRE clocked by sfp_mgt_refclk_p)
  Reference Source:       core_inst/eth_mac_10g_fifo_inst/rx_fifo/fifo_inst/wr_ptr_sync_commit_reg_reg[10]/C
                            (rising edge-triggered cell FDRE clocked by sfp_mgt_refclk_p)
  Reference Destination:  core_inst/eth_mac_10g_fifo_inst/rx_fifo/fifo_inst/wr_ptr_commit_sync_reg_reg[10]/D
                            (rising edge-triggered cell FDRE clocked by sfp_mgt_refclk_p)
  Path Type:              Bus Skew (Max at Slow Process Corner)
  Requirement:            6.400ns
  Endpoint Relative Delay:    0.646ns
  Reference Relative Delay:   0.184ns
  Relative CRPR:              0.000ns
  Actual Bus Skew:            0.461ns  (Endpoint Relative Delay - Reference Relative Delay - Relative CRPR)

Endpoint path:
    Location             Delay type                Incr(ns)  Path(ns)    Netlist Resource(s)
  -------------------------------------------------------------------    -------------------
                         (clock sfp_mgt_refclk_p rise edge)
                                                      0.000     0.000 r  
    E10                                               0.000     0.000 r  sfp_mgt_refclk_p (IN)
                         net (fo=0)                   0.000     0.000    sfp_1_pcs_pma_inst/inst/ten_gig_eth_pcs_pma_shared_clock_reset_block/refclk_p
    E10                  IBUF (Prop_ibuf_I_O)         0.000     0.000 r  sfp_1_pcs_pma_inst/inst/ten_gig_eth_pcs_pma_shared_clock_reset_block/refclk_p_buf/O
                         net (fo=1, routed)           0.000     0.000    sfp_1_pcs_pma_inst/inst/ten_gig_eth_pcs_pma_shared_clock_reset_block/refclk_p_buffed
    IBUFDS_GTE2_X1Y16    IBUFDS_GTE2 (Prop_ibufds_gte2_I_O)
                                                      2.135     2.135 r  sfp_1_pcs_pma_inst/inst/ten_gig_eth_pcs_pma_shared_clock_reset_block/ibufds_inst/O
                         net (fo=2, routed)           2.255     4.390    sfp_1_pcs_pma_inst/inst/ten_gig_eth_pcs_pma_shared_clock_reset_block/refclk
    BUFGCTRL_X0Y18       BUFG (Prop_bufg_I_O)         0.080     4.470 r  sfp_1_pcs_pma_inst/inst/ten_gig_eth_pcs_pma_shared_clock_reset_block/coreclk_bufg_inst/O
                         net (fo=9868, routed)        1.812     6.282    core_inst/eth_mac_10g_fifo_inst/rx_fifo/fifo_inst/coreclk_out
    SLICE_X161Y465       FDRE                                         r  core_inst/eth_mac_10g_fifo_inst/rx_fifo/fifo_inst/wr_ptr_sync_commit_reg_reg[12]/C
  -------------------------------------------------------------------    -------------------
    SLICE_X161Y465       FDRE (Prop_fdre_C_Q)         0.216     6.498 r  core_inst/eth_mac_10g_fifo_inst/rx_fifo/fifo_inst/wr_ptr_sync_commit_reg_reg[12]/Q
                         net (fo=1, routed)           0.444     6.941    core_inst/eth_mac_10g_fifo_inst/rx_fifo/fifo_inst/wr_ptr_sync_commit_reg_reg_n_0_[12]
    SLICE_X160Y465       FDRE                                         r  core_inst/eth_mac_10g_fifo_inst/rx_fifo/fifo_inst/wr_ptr_commit_sync_reg_reg[12]/D
  -------------------------------------------------------------------    -------------------

                         (clock sfp_mgt_refclk_p rise edge)
                                                      0.000     0.000 r  
    E10                                               0.000     0.000 r  sfp_mgt_refclk_p (IN)
                         net (fo=0)                   0.000     0.000    sfp_1_pcs_pma_inst/inst/ten_gig_eth_pcs_pma_shared_clock_reset_block/refclk_p
    E10                  IBUF (Prop_ibuf_I_O)         0.000     0.000 r  sfp_1_pcs_pma_inst/inst/ten_gig_eth_pcs_pma_shared_clock_reset_block/refclk_p_buf/O
                         net (fo=1, routed)           0.000     0.000    sfp_1_pcs_pma_inst/inst/ten_gig_eth_pcs_pma_shared_clock_reset_block/refclk_p_buffed
    IBUFDS_GTE2_X1Y16    IBUFDS_GTE2 (Prop_ibufds_gte2_I_O)
                                                      1.285     1.285 r  sfp_1_pcs_pma_inst/inst/ten_gig_eth_pcs_pma_shared_clock_reset_block/ibufds_inst/O
                         net (fo=2, routed)           2.079     3.364    sfp_1_pcs_pma_inst/inst/ten_gig_eth_pcs_pma_shared_clock_reset_block/refclk
    BUFGCTRL_X0Y18       BUFG (Prop_bufg_I_O)         0.072     3.436 r  sfp_1_pcs_pma_inst/inst/ten_gig_eth_pcs_pma_shared_clock_reset_block/coreclk_bufg_inst/O
                         net (fo=9868, routed)        1.394     4.830    core_inst/eth_mac_10g_fifo_inst/rx_fifo/fifo_inst/coreclk_out
    SLICE_X160Y465       FDRE                                         r  core_inst/eth_mac_10g_fifo_inst/rx_fifo/fifo_inst/wr_ptr_commit_sync_reg_reg[12]/C
                         clock pessimism              1.433     6.263    
    SLICE_X160Y465       FDRE (Setup_fdre_C_D)        0.033     6.296    core_inst/eth_mac_10g_fifo_inst/rx_fifo/fifo_inst/wr_ptr_commit_sync_reg_reg[12]
  -------------------------------------------------------------------
                         data arrival                           6.941    
                         clock arrival                          6.296    
  -------------------------------------------------------------------
                         relative delay                         0.646    

Reference path:
    Location             Delay type                Incr(ns)  Path(ns)    Netlist Resource(s)
  -------------------------------------------------------------------    -------------------
                         (clock sfp_mgt_refclk_p rise edge)
                                                      0.000     0.000 r  
    E10                                               0.000     0.000 r  sfp_mgt_refclk_p (IN)
                         net (fo=0)                   0.000     0.000    sfp_1_pcs_pma_inst/inst/ten_gig_eth_pcs_pma_shared_clock_reset_block/refclk_p
    E10                  IBUF (Prop_ibuf_I_O)         0.000     0.000 r  sfp_1_pcs_pma_inst/inst/ten_gig_eth_pcs_pma_shared_clock_reset_block/refclk_p_buf/O
                         net (fo=1, routed)           0.000     0.000    sfp_1_pcs_pma_inst/inst/ten_gig_eth_pcs_pma_shared_clock_reset_block/refclk_p_buffed
    IBUFDS_GTE2_X1Y16    IBUFDS_GTE2 (Prop_ibufds_gte2_I_O)
                                                      1.285     1.285 r  sfp_1_pcs_pma_inst/inst/ten_gig_eth_pcs_pma_shared_clock_reset_block/ibufds_inst/O
                         net (fo=2, routed)           2.079     3.364    sfp_1_pcs_pma_inst/inst/ten_gig_eth_pcs_pma_shared_clock_reset_block/refclk
    BUFGCTRL_X0Y18       BUFG (Prop_bufg_I_O)         0.072     3.436 r  sfp_1_pcs_pma_inst/inst/ten_gig_eth_pcs_pma_shared_clock_reset_block/coreclk_bufg_inst/O
                         net (fo=9868, routed)        1.396     4.832    core_inst/eth_mac_10g_fifo_inst/rx_fifo/fifo_inst/coreclk_out
    SLICE_X161Y463       FDRE                                         r  core_inst/eth_mac_10g_fifo_inst/rx_fifo/fifo_inst/wr_ptr_sync_commit_reg_reg[10]/C
  -------------------------------------------------------------------    -------------------
    SLICE_X161Y463       FDRE (Prop_fdre_C_Q)         0.173     5.005 r  core_inst/eth_mac_10g_fifo_inst/rx_fifo/fifo_inst/wr_ptr_sync_commit_reg_reg[10]/Q
                         net (fo=1, routed)           0.251     5.256    core_inst/eth_mac_10g_fifo_inst/rx_fifo/fifo_inst/wr_ptr_sync_commit_reg_reg_n_0_[10]
    SLICE_X162Y463       FDRE                                         r  core_inst/eth_mac_10g_fifo_inst/rx_fifo/fifo_inst/wr_ptr_commit_sync_reg_reg[10]/D
  -------------------------------------------------------------------    -------------------

                         (clock sfp_mgt_refclk_p rise edge)
                                                      0.000     0.000 r  
    E10                                               0.000     0.000 r  sfp_mgt_refclk_p (IN)
                         net (fo=0)                   0.000     0.000    sfp_1_pcs_pma_inst/inst/ten_gig_eth_pcs_pma_shared_clock_reset_block/refclk_p
    E10                  IBUF (Prop_ibuf_I_O)         0.000     0.000 r  sfp_1_pcs_pma_inst/inst/ten_gig_eth_pcs_pma_shared_clock_reset_block/refclk_p_buf/O
                         net (fo=1, routed)           0.000     0.000    sfp_1_pcs_pma_inst/inst/ten_gig_eth_pcs_pma_shared_clock_reset_block/refclk_p_buffed
    IBUFDS_GTE2_X1Y16    IBUFDS_GTE2 (Prop_ibufds_gte2_I_O)
                                                      2.135     2.135 r  sfp_1_pcs_pma_inst/inst/ten_gig_eth_pcs_pma_shared_clock_reset_block/ibufds_inst/O
                         net (fo=2, routed)           2.255     4.390    sfp_1_pcs_pma_inst/inst/ten_gig_eth_pcs_pma_shared_clock_reset_block/refclk
    BUFGCTRL_X0Y18       BUFG (Prop_bufg_I_O)         0.080     4.470 r  sfp_1_pcs_pma_inst/inst/ten_gig_eth_pcs_pma_shared_clock_reset_block/coreclk_bufg_inst/O
                         net (fo=9868, routed)        1.867     6.337    core_inst/eth_mac_10g_fifo_inst/rx_fifo/fifo_inst/coreclk_out
    SLICE_X162Y463       FDRE                                         r  core_inst/eth_mac_10g_fifo_inst/rx_fifo/fifo_inst/wr_ptr_commit_sync_reg_reg[10]/C
                         clock pessimism             -1.407     4.930    
    SLICE_X162Y463       FDRE (Hold_fdre_C_D)         0.142     5.072    core_inst/eth_mac_10g_fifo_inst/rx_fifo/fifo_inst/wr_ptr_commit_sync_reg_reg[10]
  -------------------------------------------------------------------
                         data arrival                           5.256    
                         clock arrival                          5.072    
  -------------------------------------------------------------------
                         relative delay                         0.184    



Id: 3
set_bus_skew -from [get_cells {{core_inst/eth_mac_10g_fifo_inst/tx_fifo/fifo_inst/rd_ptr_reg_reg[*]} {core_inst/eth_mac_10g_fifo_inst/tx_fifo/fifo_inst/rd_ptr_gray_reg_reg[*]}}] -to [get_cells {core_inst/eth_mac_10g_fifo_inst/tx_fifo/fifo_inst/rd_ptr_gray_sync1_reg_reg[*]}] 6.400
Requirement: 6.400ns
Endpoints: 14

From Clock            To Clock              Endpoint Pin                    Reference Pin                   Corner  Actual(ns)  Slack(ns)
--------------------  --------------------  ------------------------------  ------------------------------  ------  ----------  ---------
sfp_mgt_refclk_p      sfp_mgt_refclk_p      core_inst/eth_mac_10g_fifo_inst/tx_fifo/fifo_inst/rd_ptr_gray_sync1_reg_reg[7]/D
                                                                            core_inst/eth_mac_10g_fifo_inst/tx_fifo/fifo_inst/rd_ptr_gray_sync1_reg_reg[13]/D
                                                                                                            Slow         0.500      5.900


Slack (MET) :             5.900ns  (requirement - actual skew)
  Endpoint Source:        core_inst/eth_mac_10g_fifo_inst/tx_fifo/fifo_inst/rd_ptr_gray_reg_reg[7]/C
                            (rising edge-triggered cell FDRE clocked by sfp_mgt_refclk_p)
  Endpoint Destination:   core_inst/eth_mac_10g_fifo_inst/tx_fifo/fifo_inst/rd_ptr_gray_sync1_reg_reg[7]/D
                            (rising edge-triggered cell FDRE clocked by sfp_mgt_refclk_p)
  Reference Source:       core_inst/eth_mac_10g_fifo_inst/tx_fifo/fifo_inst/rd_ptr_gray_reg_reg[13]/C
                            (rising edge-triggered cell FDRE clocked by sfp_mgt_refclk_p)
  Reference Destination:  core_inst/eth_mac_10g_fifo_inst/tx_fifo/fifo_inst/rd_ptr_gray_sync1_reg_reg[13]/D
                            (rising edge-triggered cell FDRE clocked by sfp_mgt_refclk_p)
  Path Type:              Bus Skew (Max at Slow Process Corner)
  Requirement:            6.400ns
  Endpoint Relative Delay:    0.727ns
  Reference Relative Delay:   0.227ns
  Relative CRPR:              0.000ns
  Actual Bus Skew:            0.500ns  (Endpoint Relative Delay - Reference Relative Delay - Relative CRPR)

Endpoint path:
    Location             Delay type                Incr(ns)  Path(ns)    Netlist Resource(s)
  -------------------------------------------------------------------    -------------------
                         (clock sfp_mgt_refclk_p rise edge)
                                                      0.000     0.000 r  
    E10                                               0.000     0.000 r  sfp_mgt_refclk_p (IN)
                         net (fo=0)                   0.000     0.000    sfp_1_pcs_pma_inst/inst/ten_gig_eth_pcs_pma_shared_clock_reset_block/refclk_p
    E10                  IBUF (Prop_ibuf_I_O)         0.000     0.000 r  sfp_1_pcs_pma_inst/inst/ten_gig_eth_pcs_pma_shared_clock_reset_block/refclk_p_buf/O
                         net (fo=1, routed)           0.000     0.000    sfp_1_pcs_pma_inst/inst/ten_gig_eth_pcs_pma_shared_clock_reset_block/refclk_p_buffed
    IBUFDS_GTE2_X1Y16    IBUFDS_GTE2 (Prop_ibufds_gte2_I_O)
                                                      2.135     2.135 r  sfp_1_pcs_pma_inst/inst/ten_gig_eth_pcs_pma_shared_clock_reset_block/ibufds_inst/O
                         net (fo=2, routed)           2.255     4.390    sfp_1_pcs_pma_inst/inst/ten_gig_eth_pcs_pma_shared_clock_reset_block/refclk
    BUFGCTRL_X0Y18       BUFG (Prop_bufg_I_O)         0.080     4.470 r  sfp_1_pcs_pma_inst/inst/ten_gig_eth_pcs_pma_shared_clock_reset_block/coreclk_bufg_inst/O
                         net (fo=9868, routed)        1.936     6.406    core_inst/eth_mac_10g_fifo_inst/tx_fifo/fifo_inst/coreclk_out
    SLICE_X185Y455       FDRE                                         r  core_inst/eth_mac_10g_fifo_inst/tx_fifo/fifo_inst/rd_ptr_gray_reg_reg[7]/C
  -------------------------------------------------------------------    -------------------
    SLICE_X185Y455       FDRE (Prop_fdre_C_Q)         0.216     6.622 r  core_inst/eth_mac_10g_fifo_inst/tx_fifo/fifo_inst/rd_ptr_gray_reg_reg[7]/Q
                         net (fo=1, routed)           0.478     7.100    core_inst/eth_mac_10g_fifo_inst/tx_fifo/fifo_inst/rd_ptr_gray_reg[7]
    SLICE_X185Y454       FDRE                                         r  core_inst/eth_mac_10g_fifo_inst/tx_fifo/fifo_inst/rd_ptr_gray_sync1_reg_reg[7]/D
  -------------------------------------------------------------------    -------------------

                         (clock sfp_mgt_refclk_p rise edge)
                                                      0.000     0.000 r  
    E10                                               0.000     0.000 r  sfp_mgt_refclk_p (IN)
                         net (fo=0)                   0.000     0.000    sfp_1_pcs_pma_inst/inst/ten_gig_eth_pcs_pma_shared_clock_reset_block/refclk_p
    E10                  IBUF (Prop_ibuf_I_O)         0.000     0.000 r  sfp_1_pcs_pma_inst/inst/ten_gig_eth_pcs_pma_shared_clock_reset_block/refclk_p_buf/O
                         net (fo=1, routed)           0.000     0.000    sfp_1_pcs_pma_inst/inst/ten_gig_eth_pcs_pma_shared_clock_reset_block/refclk_p_buffed
    IBUFDS_GTE2_X1Y16    IBUFDS_GTE2 (Prop_ibufds_gte2_I_O)
                                                      1.285     1.285 r  sfp_1_pcs_pma_inst/inst/ten_gig_eth_pcs_pma_shared_clock_reset_block/ibufds_inst/O
                         net (fo=2, routed)           2.079     3.364    sfp_1_pcs_pma_inst/inst/ten_gig_eth_pcs_pma_shared_clock_reset_block/refclk
    BUFGCTRL_X0Y18       BUFG (Prop_bufg_I_O)         0.072     3.436 r  sfp_1_pcs_pma_inst/inst/ten_gig_eth_pcs_pma_shared_clock_reset_block/coreclk_bufg_inst/O
                         net (fo=9868, routed)        1.514     4.950    core_inst/eth_mac_10g_fifo_inst/tx_fifo/fifo_inst/coreclk_out
    SLICE_X185Y454       FDRE                                         r  core_inst/eth_mac_10g_fifo_inst/tx_fifo/fifo_inst/rd_ptr_gray_sync1_reg_reg[7]/C
                         clock pessimism              1.433     6.383    
    SLICE_X185Y454       FDRE (Setup_fdre_C_D)       -0.010     6.373    core_inst/eth_mac_10g_fifo_inst/tx_fifo/fifo_inst/rd_ptr_gray_sync1_reg_reg[7]
  -------------------------------------------------------------------
                         data arrival                           7.100    
                         clock arrival                          6.373    
  -------------------------------------------------------------------
                         relative delay                         0.727    

Reference path:
    Location             Delay type                Incr(ns)  Path(ns)    Netlist Resource(s)
  -------------------------------------------------------------------    -------------------
                         (clock sfp_mgt_refclk_p rise edge)
                                                      0.000     0.000 r  
    E10                                               0.000     0.000 r  sfp_mgt_refclk_p (IN)
                         net (fo=0)                   0.000     0.000    sfp_1_pcs_pma_inst/inst/ten_gig_eth_pcs_pma_shared_clock_reset_block/refclk_p
    E10                  IBUF (Prop_ibuf_I_O)         0.000     0.000 r  sfp_1_pcs_pma_inst/inst/ten_gig_eth_pcs_pma_shared_clock_reset_block/refclk_p_buf/O
                         net (fo=1, routed)           0.000     0.000    sfp_1_pcs_pma_inst/inst/ten_gig_eth_pcs_pma_shared_clock_reset_block/refclk_p_buffed
    IBUFDS_GTE2_X1Y16    IBUFDS_GTE2 (Prop_ibufds_gte2_I_O)
                                                      1.285     1.285 r  sfp_1_pcs_pma_inst/inst/ten_gig_eth_pcs_pma_shared_clock_reset_block/ibufds_inst/O
                         net (fo=2, routed)           2.079     3.364    sfp_1_pcs_pma_inst/inst/ten_gig_eth_pcs_pma_shared_clock_reset_block/refclk
    BUFGCTRL_X0Y18       BUFG (Prop_bufg_I_O)         0.072     3.436 r  sfp_1_pcs_pma_inst/inst/ten_gig_eth_pcs_pma_shared_clock_reset_block/coreclk_bufg_inst/O
                         net (fo=9868, routed)        1.513     4.949    core_inst/eth_mac_10g_fifo_inst/tx_fifo/fifo_inst/coreclk_out
    SLICE_X186Y456       FDRE                                         r  core_inst/eth_mac_10g_fifo_inst/tx_fifo/fifo_inst/rd_ptr_gray_reg_reg[13]/C
  -------------------------------------------------------------------    -------------------
    SLICE_X186Y456       FDRE (Prop_fdre_C_Q)         0.204     5.153 r  core_inst/eth_mac_10g_fifo_inst/tx_fifo/fifo_inst/rd_ptr_gray_reg_reg[13]/Q
                         net (fo=1, routed)           0.216     5.369    core_inst/eth_mac_10g_fifo_inst/tx_fifo/fifo_inst/rd_ptr_gray_reg[13]
    SLICE_X184Y456       FDRE                                         r  core_inst/eth_mac_10g_fifo_inst/tx_fifo/fifo_inst/rd_ptr_gray_sync1_reg_reg[13]/D
  -------------------------------------------------------------------    -------------------

                         (clock sfp_mgt_refclk_p rise edge)
                                                      0.000     0.000 r  
    E10                                               0.000     0.000 r  sfp_mgt_refclk_p (IN)
                         net (fo=0)                   0.000     0.000    sfp_1_pcs_pma_inst/inst/ten_gig_eth_pcs_pma_shared_clock_reset_block/refclk_p
    E10                  IBUF (Prop_ibuf_I_O)         0.000     0.000 r  sfp_1_pcs_pma_inst/inst/ten_gig_eth_pcs_pma_shared_clock_reset_block/refclk_p_buf/O
                         net (fo=1, routed)           0.000     0.000    sfp_1_pcs_pma_inst/inst/ten_gig_eth_pcs_pma_shared_clock_reset_block/refclk_p_buffed
    IBUFDS_GTE2_X1Y16    IBUFDS_GTE2 (Prop_ibufds_gte2_I_O)
                                                      2.135     2.135 r  sfp_1_pcs_pma_inst/inst/ten_gig_eth_pcs_pma_shared_clock_reset_block/ibufds_inst/O
                         net (fo=2, routed)           2.255     4.390    sfp_1_pcs_pma_inst/inst/ten_gig_eth_pcs_pma_shared_clock_reset_block/refclk
    BUFGCTRL_X0Y18       BUFG (Prop_bufg_I_O)         0.080     4.470 r  sfp_1_pcs_pma_inst/inst/ten_gig_eth_pcs_pma_shared_clock_reset_block/coreclk_bufg_inst/O
                         net (fo=9868, routed)        1.935     6.405    core_inst/eth_mac_10g_fifo_inst/tx_fifo/fifo_inst/coreclk_out
    SLICE_X184Y456       FDRE                                         r  core_inst/eth_mac_10g_fifo_inst/tx_fifo/fifo_inst/rd_ptr_gray_sync1_reg_reg[13]/C
                         clock pessimism             -1.407     4.998    
    SLICE_X184Y456       FDRE (Hold_fdre_C_D)         0.144     5.142    core_inst/eth_mac_10g_fifo_inst/tx_fifo/fifo_inst/rd_ptr_gray_sync1_reg_reg[13]
  -------------------------------------------------------------------
                         data arrival                           5.369    
                         clock arrival                          5.142    
  -------------------------------------------------------------------
                         relative delay                         0.227    



Id: 4
set_bus_skew -from [get_cells -quiet {core_inst/eth_mac_10g_fifo_inst/tx_fifo/fifo_inst/wr_ptr_sync_commit_reg_reg[*]}] -to [get_cells {core_inst/eth_mac_10g_fifo_inst/tx_fifo/fifo_inst/wr_ptr_commit_sync_reg_reg[*]}] 6.400
Requirement: 6.400ns
Endpoints: 14

From Clock            To Clock              Endpoint Pin                    Reference Pin                   Corner  Actual(ns)  Slack(ns)
--------------------  --------------------  ------------------------------  ------------------------------  ------  ----------  ---------
sfp_mgt_refclk_p      sfp_mgt_refclk_p      core_inst/eth_mac_10g_fifo_inst/tx_fifo/fifo_inst/wr_ptr_commit_sync_reg_reg[1]/D
                                                                            core_inst/eth_mac_10g_fifo_inst/tx_fifo/fifo_inst/wr_ptr_commit_sync_reg_reg[9]/D
                                                                                                            Slow         0.629      5.771


Slack (MET) :             5.771ns  (requirement - actual skew)
  Endpoint Source:        core_inst/eth_mac_10g_fifo_inst/tx_fifo/fifo_inst/wr_ptr_sync_commit_reg_reg[1]/C
                            (rising edge-triggered cell FDRE clocked by sfp_mgt_refclk_p)
  Endpoint Destination:   core_inst/eth_mac_10g_fifo_inst/tx_fifo/fifo_inst/wr_ptr_commit_sync_reg_reg[1]/D
                            (rising edge-triggered cell FDRE clocked by sfp_mgt_refclk_p)
  Reference Source:       core_inst/eth_mac_10g_fifo_inst/tx_fifo/fifo_inst/wr_ptr_sync_commit_reg_reg[9]/C
                            (rising edge-triggered cell FDRE clocked by sfp_mgt_refclk_p)
  Reference Destination:  core_inst/eth_mac_10g_fifo_inst/tx_fifo/fifo_inst/wr_ptr_commit_sync_reg_reg[9]/D
                            (rising edge-triggered cell FDRE clocked by sfp_mgt_refclk_p)
  Path Type:              Bus Skew (Max at Slow Process Corner)
  Requirement:            6.400ns
  Endpoint Relative Delay:    0.932ns
  Reference Relative Delay:   0.303ns
  Relative CRPR:              0.000ns
  Actual Bus Skew:            0.629ns  (Endpoint Relative Delay - Reference Relative Delay - Relative CRPR)

Endpoint path:
    Location             Delay type                Incr(ns)  Path(ns)    Netlist Resource(s)
  -------------------------------------------------------------------    -------------------
                         (clock sfp_mgt_refclk_p rise edge)
                                                      0.000     0.000 r  
    E10                                               0.000     0.000 r  sfp_mgt_refclk_p (IN)
                         net (fo=0)                   0.000     0.000    sfp_1_pcs_pma_inst/inst/ten_gig_eth_pcs_pma_shared_clock_reset_block/refclk_p
    E10                  IBUF (Prop_ibuf_I_O)         0.000     0.000 r  sfp_1_pcs_pma_inst/inst/ten_gig_eth_pcs_pma_shared_clock_reset_block/refclk_p_buf/O
                         net (fo=1, routed)           0.000     0.000    sfp_1_pcs_pma_inst/inst/ten_gig_eth_pcs_pma_shared_clock_reset_block/refclk_p_buffed
    IBUFDS_GTE2_X1Y16    IBUFDS_GTE2 (Prop_ibufds_gte2_I_O)
                                                      2.135     2.135 r  sfp_1_pcs_pma_inst/inst/ten_gig_eth_pcs_pma_shared_clock_reset_block/ibufds_inst/O
                         net (fo=2, routed)           2.255     4.390    sfp_1_pcs_pma_inst/inst/ten_gig_eth_pcs_pma_shared_clock_reset_block/refclk
    BUFGCTRL_X0Y18       BUFG (Prop_bufg_I_O)         0.080     4.470 r  sfp_1_pcs_pma_inst/inst/ten_gig_eth_pcs_pma_shared_clock_reset_block/coreclk_bufg_inst/O
                         net (fo=9868, routed)        1.938     6.408    core_inst/eth_mac_10g_fifo_inst/tx_fifo/fifo_inst/coreclk_out
    SLICE_X190Y453       FDRE                                         r  core_inst/eth_mac_10g_fifo_inst/tx_fifo/fifo_inst/wr_ptr_sync_commit_reg_reg[1]/C
  -------------------------------------------------------------------    -------------------
    SLICE_X190Y453       FDRE (Prop_fdre_C_Q)         0.232     6.640 r  core_inst/eth_mac_10g_fifo_inst/tx_fifo/fifo_inst/wr_ptr_sync_commit_reg_reg[1]/Q
                         net (fo=1, routed)           0.592     7.232    core_inst/eth_mac_10g_fifo_inst/tx_fifo/fifo_inst/wr_ptr_sync_commit_reg[1]
    SLICE_X191Y454       FDRE                                         r  core_inst/eth_mac_10g_fifo_inst/tx_fifo/fifo_inst/wr_ptr_commit_sync_reg_reg[1]/D
  -------------------------------------------------------------------    -------------------

                         (clock sfp_mgt_refclk_p rise edge)
                                                      0.000     0.000 r  
    E10                                               0.000     0.000 r  sfp_mgt_refclk_p (IN)
                         net (fo=0)                   0.000     0.000    sfp_1_pcs_pma_inst/inst/ten_gig_eth_pcs_pma_shared_clock_reset_block/refclk_p
    E10                  IBUF (Prop_ibuf_I_O)         0.000     0.000 r  sfp_1_pcs_pma_inst/inst/ten_gig_eth_pcs_pma_shared_clock_reset_block/refclk_p_buf/O
                         net (fo=1, routed)           0.000     0.000    sfp_1_pcs_pma_inst/inst/ten_gig_eth_pcs_pma_shared_clock_reset_block/refclk_p_buffed
    IBUFDS_GTE2_X1Y16    IBUFDS_GTE2 (Prop_ibufds_gte2_I_O)
                                                      1.285     1.285 r  sfp_1_pcs_pma_inst/inst/ten_gig_eth_pcs_pma_shared_clock_reset_block/ibufds_inst/O
                         net (fo=2, routed)           2.079     3.364    sfp_1_pcs_pma_inst/inst/ten_gig_eth_pcs_pma_shared_clock_reset_block/refclk
    BUFGCTRL_X0Y18       BUFG (Prop_bufg_I_O)         0.072     3.436 r  sfp_1_pcs_pma_inst/inst/ten_gig_eth_pcs_pma_shared_clock_reset_block/coreclk_bufg_inst/O
                         net (fo=9868, routed)        1.515     4.951    core_inst/eth_mac_10g_fifo_inst/tx_fifo/fifo_inst/coreclk_out
    SLICE_X191Y454       FDRE                                         r  core_inst/eth_mac_10g_fifo_inst/tx_fifo/fifo_inst/wr_ptr_commit_sync_reg_reg[1]/C
                         clock pessimism              1.434     6.385    
    SLICE_X191Y454       FDRE (Setup_fdre_C_D)       -0.085     6.300    core_inst/eth_mac_10g_fifo_inst/tx_fifo/fifo_inst/wr_ptr_commit_sync_reg_reg[1]
  -------------------------------------------------------------------
                         data arrival                           7.232    
                         clock arrival                          6.300    
  -------------------------------------------------------------------
                         relative delay                         0.932    

Reference path:
    Location             Delay type                Incr(ns)  Path(ns)    Netlist Resource(s)
  -------------------------------------------------------------------    -------------------
                         (clock sfp_mgt_refclk_p rise edge)
                                                      0.000     0.000 r  
    E10                                               0.000     0.000 r  sfp_mgt_refclk_p (IN)
                         net (fo=0)                   0.000     0.000    sfp_1_pcs_pma_inst/inst/ten_gig_eth_pcs_pma_shared_clock_reset_block/refclk_p
    E10                  IBUF (Prop_ibuf_I_O)         0.000     0.000 r  sfp_1_pcs_pma_inst/inst/ten_gig_eth_pcs_pma_shared_clock_reset_block/refclk_p_buf/O
                         net (fo=1, routed)           0.000     0.000    sfp_1_pcs_pma_inst/inst/ten_gig_eth_pcs_pma_shared_clock_reset_block/refclk_p_buffed
    IBUFDS_GTE2_X1Y16    IBUFDS_GTE2 (Prop_ibufds_gte2_I_O)
                                                      1.285     1.285 r  sfp_1_pcs_pma_inst/inst/ten_gig_eth_pcs_pma_shared_clock_reset_block/ibufds_inst/O
                         net (fo=2, routed)           2.079     3.364    sfp_1_pcs_pma_inst/inst/ten_gig_eth_pcs_pma_shared_clock_reset_block/refclk
    BUFGCTRL_X0Y18       BUFG (Prop_bufg_I_O)         0.072     3.436 r  sfp_1_pcs_pma_inst/inst/ten_gig_eth_pcs_pma_shared_clock_reset_block/coreclk_bufg_inst/O
                         net (fo=9868, routed)        1.515     4.951    core_inst/eth_mac_10g_fifo_inst/tx_fifo/fifo_inst/coreclk_out
    SLICE_X189Y454       FDRE                                         r  core_inst/eth_mac_10g_fifo_inst/tx_fifo/fifo_inst/wr_ptr_sync_commit_reg_reg[9]/C
  -------------------------------------------------------------------    -------------------
    SLICE_X189Y454       FDRE (Prop_fdre_C_Q)         0.158     5.109 r  core_inst/eth_mac_10g_fifo_inst/tx_fifo/fifo_inst/wr_ptr_sync_commit_reg_reg[9]/Q
                         net (fo=1, routed)           0.206     5.315    core_inst/eth_mac_10g_fifo_inst/tx_fifo/fifo_inst/wr_ptr_sync_commit_reg[9]
    SLICE_X189Y455       FDRE                                         r  core_inst/eth_mac_10g_fifo_inst/tx_fifo/fifo_inst/wr_ptr_commit_sync_reg_reg[9]/D
  -------------------------------------------------------------------    -------------------

                         (clock sfp_mgt_refclk_p rise edge)
                                                      0.000     0.000 r  
    E10                                               0.000     0.000 r  sfp_mgt_refclk_p (IN)
                         net (fo=0)                   0.000     0.000    sfp_1_pcs_pma_inst/inst/ten_gig_eth_pcs_pma_shared_clock_reset_block/refclk_p
    E10                  IBUF (Prop_ibuf_I_O)         0.000     0.000 r  sfp_1_pcs_pma_inst/inst/ten_gig_eth_pcs_pma_shared_clock_reset_block/refclk_p_buf/O
                         net (fo=1, routed)           0.000     0.000    sfp_1_pcs_pma_inst/inst/ten_gig_eth_pcs_pma_shared_clock_reset_block/refclk_p_buffed
    IBUFDS_GTE2_X1Y16    IBUFDS_GTE2 (Prop_ibufds_gte2_I_O)
                                                      2.135     2.135 r  sfp_1_pcs_pma_inst/inst/ten_gig_eth_pcs_pma_shared_clock_reset_block/ibufds_inst/O
                         net (fo=2, routed)           2.255     4.390    sfp_1_pcs_pma_inst/inst/ten_gig_eth_pcs_pma_shared_clock_reset_block/refclk
    BUFGCTRL_X0Y18       BUFG (Prop_bufg_I_O)         0.080     4.470 r  sfp_1_pcs_pma_inst/inst/ten_gig_eth_pcs_pma_shared_clock_reset_block/coreclk_bufg_inst/O
                         net (fo=9868, routed)        1.938     6.408    core_inst/eth_mac_10g_fifo_inst/tx_fifo/fifo_inst/coreclk_out
    SLICE_X189Y455       FDRE                                         r  core_inst/eth_mac_10g_fifo_inst/tx_fifo/fifo_inst/wr_ptr_commit_sync_reg_reg[9]/C
                         clock pessimism             -1.434     4.974    
    SLICE_X189Y455       FDRE (Hold_fdre_C_D)         0.038     5.012    core_inst/eth_mac_10g_fifo_inst/tx_fifo/fifo_inst/wr_ptr_commit_sync_reg_reg[9]
  -------------------------------------------------------------------
                         data arrival                           5.315    
                         clock arrival                          5.012    
  -------------------------------------------------------------------
                         relative delay                         0.303    



